PREHOOK: query: create table TBL (a string, b string)
PREHOOK: type: CREATETABLE
PREHOOK: Output: database:default
PREHOOK: Output: default@TBL
POSTHOOK: query: create table TBL (a string, b string)
POSTHOOK: type: CREATETABLE
POSTHOOK: Output: database:default
POSTHOOK: Output: default@TBL
PREHOOK: query: insert into table TBL select 'a','a' from src tablesample (1 rows)
PREHOOK: type: QUERY
PREHOOK: Input: default@src
PREHOOK: Output: default@tbl
POSTHOOK: query: insert into table TBL select 'a','a' from src tablesample (1 rows)
POSTHOOK: type: QUERY
POSTHOOK: Input: default@src
POSTHOOK: Output: default@tbl
POSTHOOK: Lineage: tbl.a SIMPLE []
POSTHOOK: Lineage: tbl.b SIMPLE []
PREHOOK: query: explain
select b, sum(cc) from (
        select b,count(1) as cc from TBL group by b
        union all
        select a as b,count(1) as cc from TBL group by a
) z
group by b
PREHOOK: type: QUERY
POSTHOOK: query: explain
select b, sum(cc) from (
        select b,count(1) as cc from TBL group by b
        union all
        select a as b,count(1) as cc from TBL group by a
) z
group by b
POSTHOOK: type: QUERY
STAGE DEPENDENCIES:
  Stage-1 is a root stage
  Stage-0 depends on stages: Stage-1

STAGE PLANS:
  Stage: Stage-1
    Map Reduce
      Map Operator Tree:
          TableScan
            alias: tbl
            Statistics: Num rows: 1 Data size: 3 Basic stats: COMPLETE Column stats: NONE
            Select Operator
              expressions: a (type: string)
              outputColumnNames: a
              Statistics: Num rows: 1 Data size: 3 Basic stats: COMPLETE Column stats: NONE
              Group By Operator
                aggregations: count(1)
                keys: a (type: string)
                mode: hash
                outputColumnNames: _col0, _col1
                Statistics: Num rows: 1 Data size: 3 Basic stats: COMPLETE Column stats: NONE
                Reduce Output Operator
                  key expressions: _col0 (type: string)
                  sort order: +
                  Map-reduce partition columns: _col0 (type: string)
                  Statistics: Num rows: 1 Data size: 3 Basic stats: COMPLETE Column stats: NONE
                  value expressions: _col1 (type: bigint)
          TableScan
            alias: tbl
            Statistics: Num rows: 1 Data size: 3 Basic stats: COMPLETE Column stats: NONE
            Select Operator
              expressions: b (type: string)
              outputColumnNames: b
              Statistics: Num rows: 1 Data size: 3 Basic stats: COMPLETE Column stats: NONE
              Group By Operator
                aggregations: count(1)
                keys: b (type: string)
                mode: hash
                outputColumnNames: _col0, _col1
                Statistics: Num rows: 1 Data size: 3 Basic stats: COMPLETE Column stats: NONE
                Reduce Output Operator
                  key expressions: _col0 (type: string)
                  sort order: +
                  Map-reduce partition columns: _col0 (type: string)
                  Statistics: Num rows: 1 Data size: 3 Basic stats: COMPLETE Column stats: NONE
                  value expressions: _col1 (type: bigint)
      Reduce Operator Tree:
        Demux Operator
          Statistics: Num rows: 2 Data size: 6 Basic stats: COMPLETE Column stats: NONE
          Group By Operator
            aggregations: count(VALUE._col0)
            keys: KEY._col0 (type: string)
            mode: mergepartial
            outputColumnNames: _col0, _col1
            Statistics: Num rows: 1 Data size: 3 Basic stats: COMPLETE Column stats: NONE
            Select Operator
              expressions: _col0 (type: string), _col1 (type: bigint)
              outputColumnNames: _col0, _col1
              Statistics: Num rows: 1 Data size: 3 Basic stats: COMPLETE Column stats: NONE
              Union
                Statistics: Num rows: 2 Data size: 6 Basic stats: COMPLETE Column stats: NONE
                Select Operator
                  expressions: _col0 (type: string), _col1 (type: bigint)
                  outputColumnNames: _col0, _col1
                  Statistics: Num rows: 2 Data size: 6 Basic stats: COMPLETE Column stats: NONE
                  Mux Operator
                    Statistics: Num rows: 2 Data size: 6 Basic stats: COMPLETE Column stats: NONE
                    Group By Operator
                      aggregations: sum(_col1)
                      keys: _col0 (type: string)
                      mode: complete
                      outputColumnNames: _col0, _col1
                      Statistics: Num rows: 1 Data size: 3 Basic stats: COMPLETE Column stats: NONE
                      Select Operator
                        expressions: _col0 (type: string), _col1 (type: bigint)
                        outputColumnNames: _col0, _col1
                        Statistics: Num rows: 1 Data size: 3 Basic stats: COMPLETE Column stats: NONE
                        File Output Operator
                          compressed: false
                          Statistics: Num rows: 1 Data size: 3 Basic stats: COMPLETE Column stats: NONE
                          table:
                              input format: org.apache.hadoop.mapred.TextInputFormat
                              output format: org.apache.hadoop.hive.ql.io.HiveIgnoreKeyTextOutputFormat
                              serde: org.apache.hadoop.hive.serde2.lazy.LazySimpleSerDe
          Group By Operator
            aggregations: count(VALUE._col0)
            keys: KEY._col0 (type: string)
            mode: mergepartial
            outputColumnNames: _col0, _col1
            Statistics: Num rows: 1 Data size: 3 Basic stats: COMPLETE Column stats: NONE
            Select Operator
              expressions: _col0 (type: string), _col1 (type: bigint)
              outputColumnNames: _col0, _col1
              Statistics: Num rows: 1 Data size: 3 Basic stats: COMPLETE Column stats: NONE
              Union
                Statistics: Num rows: 2 Data size: 6 Basic stats: COMPLETE Column stats: NONE
                Select Operator
                  expressions: _col0 (type: string), _col1 (type: bigint)
                  outputColumnNames: _col0, _col1
                  Statistics: Num rows: 2 Data size: 6 Basic stats: COMPLETE Column stats: NONE
                  Mux Operator
                    Statistics: Num rows: 2 Data size: 6 Basic stats: COMPLETE Column stats: NONE
                    Group By Operator
                      aggregations: sum(_col1)
                      keys: _col0 (type: string)
                      mode: complete
                      outputColumnNames: _col0, _col1
                      Statistics: Num rows: 1 Data size: 3 Basic stats: COMPLETE Column stats: NONE
                      Select Operator
                        expressions: _col0 (type: string), _col1 (type: bigint)
                        outputColumnNames: _col0, _col1
                        Statistics: Num rows: 1 Data size: 3 Basic stats: COMPLETE Column stats: NONE
                        File Output Operator
                          compressed: false
                          Statistics: Num rows: 1 Data size: 3 Basic stats: COMPLETE Column stats: NONE
                          table:
                              input format: org.apache.hadoop.mapred.TextInputFormat
                              output format: org.apache.hadoop.hive.ql.io.HiveIgnoreKeyTextOutputFormat
                              serde: org.apache.hadoop.hive.serde2.lazy.LazySimpleSerDe

  Stage: Stage-0
    Fetch Operator
      limit: -1
      Processor Tree:
        ListSink

PREHOOK: query: select b, sum(cc) from (
        select b,count(1) as cc from TBL group by b
        union all
        select a as b,count(1) as cc from TBL group by a
) z
group by b
PREHOOK: type: QUERY
PREHOOK: Input: default@tbl
#### A masked pattern was here ####
POSTHOOK: query: select b, sum(cc) from (
        select b,count(1) as cc from TBL group by b
        union all
        select a as b,count(1) as cc from TBL group by a
) z
group by b
POSTHOOK: type: QUERY
POSTHOOK: Input: default@tbl
#### A masked pattern was here ####
a	2
