PREHOOK: query: create table allcolref_from (a string, b string, c string, d string, e string)
PREHOOK: type: CREATETABLE
PREHOOK: Output: database:default
PREHOOK: Output: default@allcolref_from
POSTHOOK: query: create table allcolref_from (a string, b string, c string, d string, e string)
POSTHOOK: type: CREATETABLE
POSTHOOK: Output: database:default
POSTHOOK: Output: default@allcolref_from
PREHOOK: query: insert into table allcolref_from select 'a', 'b', 'c', 'd', 'e' from src tablesample (1 rows)
PREHOOK: type: QUERY
PREHOOK: Input: default@src
PREHOOK: Output: default@allcolref_from
POSTHOOK: query: insert into table allcolref_from select 'a', 'b', 'c', 'd', 'e' from src tablesample (1 rows)
POSTHOOK: type: QUERY
POSTHOOK: Input: default@src
POSTHOOK: Output: default@allcolref_from
POSTHOOK: Lineage: allcolref_from.a SIMPLE []
POSTHOOK: Lineage: allcolref_from.b SIMPLE []
POSTHOOK: Lineage: allcolref_from.c SIMPLE []
POSTHOOK: Lineage: allcolref_from.d SIMPLE []
POSTHOOK: Lineage: allcolref_from.e SIMPLE []
PREHOOK: query: explain
select b... from allcolref_from
PREHOOK: type: QUERY
POSTHOOK: query: explain
select b... from allcolref_from
POSTHOOK: type: QUERY
STAGE DEPENDENCIES:
  Stage-0 is a root stage

STAGE PLANS:
  Stage: Stage-0
    Fetch Operator
      limit: -1
      Processor Tree:
        TableScan
          alias: allcolref_from
          Statistics: Num rows: 1 Data size: 9 Basic stats: COMPLETE Column stats: NONE
          Select Operator
            expressions: b (type: string), c (type: string), d (type: string), e (type: string)
            outputColumnNames: _col0, _col1, _col2, _col3
            Statistics: Num rows: 1 Data size: 9 Basic stats: COMPLETE Column stats: NONE
            ListSink

PREHOOK: query: select b... from allcolref_from
PREHOOK: type: QUERY
PREHOOK: Input: default@allcolref_from
#### A masked pattern was here ####
POSTHOOK: query: select b... from allcolref_from
POSTHOOK: type: QUERY
POSTHOOK: Input: default@allcolref_from
#### A masked pattern was here ####
b	c	d	e
PREHOOK: query: -- table aliased
explain
select b... from allcolref_from X
PREHOOK: type: QUERY
POSTHOOK: query: -- table aliased
explain
select b... from allcolref_from X
POSTHOOK: type: QUERY
STAGE DEPENDENCIES:
  Stage-0 is a root stage

STAGE PLANS:
  Stage: Stage-0
    Fetch Operator
      limit: -1
      Processor Tree:
        TableScan
          alias: x
          Statistics: Num rows: 1 Data size: 9 Basic stats: COMPLETE Column stats: NONE
          Select Operator
            expressions: b (type: string), c (type: string), d (type: string), e (type: string)
            outputColumnNames: _col0, _col1, _col2, _col3
            Statistics: Num rows: 1 Data size: 9 Basic stats: COMPLETE Column stats: NONE
            ListSink

PREHOOK: query: select b... from allcolref_from X
PREHOOK: type: QUERY
PREHOOK: Input: default@allcolref_from
#### A masked pattern was here ####
POSTHOOK: query: select b... from allcolref_from X
POSTHOOK: type: QUERY
POSTHOOK: Input: default@allcolref_from
#### A masked pattern was here ####
b	c	d	e
PREHOOK: query: explain
select X.b... from allcolref_from X
PREHOOK: type: QUERY
POSTHOOK: query: explain
select X.b... from allcolref_from X
POSTHOOK: type: QUERY
STAGE DEPENDENCIES:
  Stage-0 is a root stage

STAGE PLANS:
  Stage: Stage-0
    Fetch Operator
      limit: -1
      Processor Tree:
        TableScan
          alias: x
          Statistics: Num rows: 1 Data size: 9 Basic stats: COMPLETE Column stats: NONE
          Select Operator
            expressions: b (type: string), c (type: string), d (type: string), e (type: string)
            outputColumnNames: _col0, _col1, _col2, _col3
            Statistics: Num rows: 1 Data size: 9 Basic stats: COMPLETE Column stats: NONE
            ListSink

PREHOOK: query: select X.b... from allcolref_from X
PREHOOK: type: QUERY
PREHOOK: Input: default@allcolref_from
#### A masked pattern was here ####
POSTHOOK: query: select X.b... from allcolref_from X
POSTHOOK: type: QUERY
POSTHOOK: Input: default@allcolref_from
#### A masked pattern was here ####
b	c	d	e
PREHOOK: query: -- JOIN
explain
select X.b... from allcolref_from X join allcolref_from Y on X.a=Y.a
PREHOOK: type: QUERY
POSTHOOK: query: -- JOIN
explain
select X.b... from allcolref_from X join allcolref_from Y on X.a=Y.a
POSTHOOK: type: QUERY
STAGE DEPENDENCIES:
  Stage-1 is a root stage
  Stage-0 depends on stages: Stage-1

STAGE PLANS:
  Stage: Stage-1
    Map Reduce
      Map Operator Tree:
          TableScan
            alias: x
            Statistics: Num rows: 1 Data size: 9 Basic stats: COMPLETE Column stats: NONE
            Filter Operator
              predicate: a is not null (type: boolean)
              Statistics: Num rows: 1 Data size: 9 Basic stats: COMPLETE Column stats: NONE
              Reduce Output Operator
                key expressions: a (type: string)
                sort order: +
                Map-reduce partition columns: a (type: string)
                Statistics: Num rows: 1 Data size: 9 Basic stats: COMPLETE Column stats: NONE
                value expressions: b (type: string), c (type: string), d (type: string), e (type: string)
          TableScan
            alias: y
            Statistics: Num rows: 1 Data size: 9 Basic stats: COMPLETE Column stats: NONE
            Filter Operator
              predicate: a is not null (type: boolean)
              Statistics: Num rows: 1 Data size: 9 Basic stats: COMPLETE Column stats: NONE
              Reduce Output Operator
                key expressions: a (type: string)
                sort order: +
                Map-reduce partition columns: a (type: string)
                Statistics: Num rows: 1 Data size: 9 Basic stats: COMPLETE Column stats: NONE
      Reduce Operator Tree:
        Join Operator
          condition map:
               Inner Join 0 to 1
          keys:
            0 a (type: string)
            1 a (type: string)
          outputColumnNames: _col1, _col2, _col3, _col4
          Statistics: Num rows: 1 Data size: 9 Basic stats: COMPLETE Column stats: NONE
          Select Operator
            expressions: _col1 (type: string), _col2 (type: string), _col3 (type: string), _col4 (type: string)
            outputColumnNames: _col0, _col1, _col2, _col3
            Statistics: Num rows: 1 Data size: 9 Basic stats: COMPLETE Column stats: NONE
            File Output Operator
              compressed: false
              Statistics: Num rows: 1 Data size: 9 Basic stats: COMPLETE Column stats: NONE
              table:
                  input format: org.apache.hadoop.mapred.TextInputFormat
                  output format: org.apache.hadoop.hive.ql.io.HiveIgnoreKeyTextOutputFormat
                  serde: org.apache.hadoop.hive.serde2.lazy.LazySimpleSerDe

  Stage: Stage-0
    Fetch Operator
      limit: -1
      Processor Tree:
        ListSink

PREHOOK: query: select X.b... from allcolref_from X join allcolref_from Y on X.a=Y.a
PREHOOK: type: QUERY
PREHOOK: Input: default@allcolref_from
#### A masked pattern was here ####
POSTHOOK: query: select X.b... from allcolref_from X join allcolref_from Y on X.a=Y.a
POSTHOOK: type: QUERY
POSTHOOK: Input: default@allcolref_from
#### A masked pattern was here ####
b	c	d	e
PREHOOK: query: explain select b... from allcolref_from X join src Y on X.a=Y.key
PREHOOK: type: QUERY
POSTHOOK: query: explain select b... from allcolref_from X join src Y on X.a=Y.key
POSTHOOK: type: QUERY
STAGE DEPENDENCIES:
  Stage-1 is a root stage
  Stage-0 depends on stages: Stage-1

STAGE PLANS:
  Stage: Stage-1
    Map Reduce
      Map Operator Tree:
          TableScan
            alias: x
            Statistics: Num rows: 1 Data size: 9 Basic stats: COMPLETE Column stats: NONE
            Filter Operator
              predicate: a is not null (type: boolean)
              Statistics: Num rows: 1 Data size: 9 Basic stats: COMPLETE Column stats: NONE
              Reduce Output Operator
                key expressions: a (type: string)
                sort order: +
                Map-reduce partition columns: a (type: string)
                Statistics: Num rows: 1 Data size: 9 Basic stats: COMPLETE Column stats: NONE
                value expressions: b (type: string), c (type: string), d (type: string), e (type: string)
          TableScan
            alias: y
            Statistics: Num rows: 500 Data size: 5312 Basic stats: COMPLETE Column stats: NONE
            Filter Operator
              predicate: key is not null (type: boolean)
              Statistics: Num rows: 250 Data size: 2656 Basic stats: COMPLETE Column stats: NONE
              Reduce Output Operator
                key expressions: key (type: string)
                sort order: +
                Map-reduce partition columns: key (type: string)
                Statistics: Num rows: 250 Data size: 2656 Basic stats: COMPLETE Column stats: NONE
      Reduce Operator Tree:
        Join Operator
          condition map:
               Inner Join 0 to 1
          keys:
            0 a (type: string)
            1 key (type: string)
          outputColumnNames: _col1, _col2, _col3, _col4
          Statistics: Num rows: 275 Data size: 2921 Basic stats: COMPLETE Column stats: NONE
          Select Operator
            expressions: _col1 (type: string), _col2 (type: string), _col3 (type: string), _col4 (type: string)
            outputColumnNames: _col0, _col1, _col2, _col3
            Statistics: Num rows: 275 Data size: 2921 Basic stats: COMPLETE Column stats: NONE
            File Output Operator
              compressed: false
              Statistics: Num rows: 275 Data size: 2921 Basic stats: COMPLETE Column stats: NONE
              table:
                  input format: org.apache.hadoop.mapred.TextInputFormat
                  output format: org.apache.hadoop.hive.ql.io.HiveIgnoreKeyTextOutputFormat
                  serde: org.apache.hadoop.hive.serde2.lazy.LazySimpleSerDe

  Stage: Stage-0
    Fetch Operator
      limit: -1
      Processor Tree:
        ListSink

PREHOOK: query: explain select key... from allcolref_from X join src Y on X.a=Y.key
PREHOOK: type: QUERY
POSTHOOK: query: explain select key... from allcolref_from X join src Y on X.a=Y.key
POSTHOOK: type: QUERY
STAGE DEPENDENCIES:
  Stage-1 is a root stage
  Stage-0 depends on stages: Stage-1

STAGE PLANS:
  Stage: Stage-1
    Map Reduce
      Map Operator Tree:
          TableScan
            alias: x
            Statistics: Num rows: 1 Data size: 9 Basic stats: COMPLETE Column stats: NONE
            Filter Operator
              predicate: a is not null (type: boolean)
              Statistics: Num rows: 1 Data size: 9 Basic stats: COMPLETE Column stats: NONE
              Reduce Output Operator
                key expressions: a (type: string)
                sort order: +
                Map-reduce partition columns: a (type: string)
                Statistics: Num rows: 1 Data size: 9 Basic stats: COMPLETE Column stats: NONE
          TableScan
            alias: y
            Statistics: Num rows: 500 Data size: 5312 Basic stats: COMPLETE Column stats: NONE
            Filter Operator
              predicate: key is not null (type: boolean)
              Statistics: Num rows: 250 Data size: 2656 Basic stats: COMPLETE Column stats: NONE
              Reduce Output Operator
                key expressions: key (type: string)
                sort order: +
                Map-reduce partition columns: key (type: string)
                Statistics: Num rows: 250 Data size: 2656 Basic stats: COMPLETE Column stats: NONE
                value expressions: value (type: string)
      Reduce Operator Tree:
        Join Operator
          condition map:
               Inner Join 0 to 1
          keys:
            0 a (type: string)
            1 key (type: string)
          outputColumnNames: _col8, _col9
          Statistics: Num rows: 275 Data size: 2921 Basic stats: COMPLETE Column stats: NONE
          Select Operator
            expressions: _col8 (type: string), _col9 (type: string)
            outputColumnNames: _col0, _col1
            Statistics: Num rows: 275 Data size: 2921 Basic stats: COMPLETE Column stats: NONE
            File Output Operator
              compressed: false
              Statistics: Num rows: 275 Data size: 2921 Basic stats: COMPLETE Column stats: NONE
              table:
                  input format: org.apache.hadoop.mapred.TextInputFormat
                  output format: org.apache.hadoop.hive.ql.io.HiveIgnoreKeyTextOutputFormat
                  serde: org.apache.hadoop.hive.serde2.lazy.LazySimpleSerDe

  Stage: Stage-0
    Fetch Operator
      limit: -1
      Processor Tree:
        ListSink

PREHOOK: query: -- UDF
explain
select concat_ws('.', b...) from allcolref_from
PREHOOK: type: QUERY
POSTHOOK: query: -- UDF
explain
select concat_ws('.', b...) from allcolref_from
POSTHOOK: type: QUERY
STAGE DEPENDENCIES:
  Stage-1 is a root stage
  Stage-0 depends on stages: Stage-1

STAGE PLANS:
  Stage: Stage-1
    Map Reduce
      Map Operator Tree:
          TableScan
            alias: allcolref_from
            Statistics: Num rows: 1 Data size: 9 Basic stats: COMPLETE Column stats: NONE
            Select Operator
              expressions: concat_ws('.', b, c, d, e) (type: string)
              outputColumnNames: _col0
              Statistics: Num rows: 1 Data size: 9 Basic stats: COMPLETE Column stats: NONE
              File Output Operator
                compressed: false
                Statistics: Num rows: 1 Data size: 9 Basic stats: COMPLETE Column stats: NONE
                table:
                    input format: org.apache.hadoop.mapred.TextInputFormat
                    output format: org.apache.hadoop.hive.ql.io.HiveIgnoreKeyTextOutputFormat
                    serde: org.apache.hadoop.hive.serde2.lazy.LazySimpleSerDe

  Stage: Stage-0
    Fetch Operator
      limit: -1
      Processor Tree:
        ListSink

PREHOOK: query: select concat_ws('.', b...) from allcolref_from
PREHOOK: type: QUERY
PREHOOK: Input: default@allcolref_from
#### A masked pattern was here ####
POSTHOOK: query: select concat_ws('.', b...) from allcolref_from
POSTHOOK: type: QUERY
POSTHOOK: Input: default@allcolref_from
#### A masked pattern was here ####
b.c.d.e
PREHOOK: query: -- UDTF
explain
select stack(2, b...) as (BC, DE) from allcolref_from
PREHOOK: type: QUERY
POSTHOOK: query: -- UDTF
explain
select stack(2, b...) as (BC, DE) from allcolref_from
POSTHOOK: type: QUERY
STAGE DEPENDENCIES:
  Stage-1 is a root stage
  Stage-0 depends on stages: Stage-1

STAGE PLANS:
  Stage: Stage-1
    Map Reduce
      Map Operator Tree:
          TableScan
            alias: allcolref_from
            Statistics: Num rows: 1 Data size: 9 Basic stats: COMPLETE Column stats: NONE
            Select Operator
              expressions: 2 (type: int), b (type: string), c (type: string), d (type: string), e (type: string)
              outputColumnNames: _col0, _col1, _col2, _col3, _col4
              Statistics: Num rows: 1 Data size: 9 Basic stats: COMPLETE Column stats: NONE
              UDTF Operator
                Statistics: Num rows: 1 Data size: 9 Basic stats: COMPLETE Column stats: NONE
                function name: stack
                File Output Operator
                  compressed: false
                  Statistics: Num rows: 1 Data size: 9 Basic stats: COMPLETE Column stats: NONE
                  table:
                      input format: org.apache.hadoop.mapred.TextInputFormat
                      output format: org.apache.hadoop.hive.ql.io.HiveIgnoreKeyTextOutputFormat
                      serde: org.apache.hadoop.hive.serde2.lazy.LazySimpleSerDe

  Stage: Stage-0
    Fetch Operator
      limit: -1
      Processor Tree:
        ListSink

PREHOOK: query: select stack(2, b...) as (BC, DE) from allcolref_from
PREHOOK: type: QUERY
PREHOOK: Input: default@allcolref_from
#### A masked pattern was here ####
POSTHOOK: query: select stack(2, b...) as (BC, DE) from allcolref_from
POSTHOOK: type: QUERY
POSTHOOK: Input: default@allcolref_from
#### A masked pattern was here ####
b	c
d	e
