PREHOOK: query: -- SORT_AND_HASH_QUERY_RESULTS

-- simple (one partition for each cluster)
explain select count(*) from src a JOIN src b ON a.key=b.key SKEWED ON (
   a.key = 0, b.key = 100, CAST(a.key as int) > 300)
PREHOOK: type: QUERY
POSTHOOK: query: -- SORT_AND_HASH_QUERY_RESULTS

-- simple (one partition for each cluster)
explain select count(*) from src a JOIN src b ON a.key=b.key SKEWED ON (
   a.key = 0, b.key = 100, CAST(a.key as int) > 300)
POSTHOOK: type: QUERY
STAGE DEPENDENCIES:
  Stage-1 is a root stage
  Stage-2 depends on stages: Stage-1
  Stage-0 depends on stages: Stage-2

STAGE PLANS:
  Stage: Stage-1
    Map Reduce
      Map Operator Tree:
          TableScan
            alias: b
            Statistics: Num rows: 500 Data size: 5312 Basic stats: COMPLETE Column stats: NONE
            Filter Operator
              predicate: key is not null (type: boolean)
              Statistics: Num rows: 250 Data size: 2656 Basic stats: COMPLETE Column stats: NONE
              Reduce Output Operator
                key expressions: key (type: string)
                sort order: +
                Map-reduce partition columns: key (type: string)
                Explicit Skew Context:
                    cluster sizes: -1, -1, -1
                    key expressions:
                Statistics: Num rows: 250 Data size: 2656 Basic stats: COMPLETE Column stats: NONE
          TableScan
            alias: a
            Statistics: Num rows: 500 Data size: 5312 Basic stats: COMPLETE Column stats: NONE
            Filter Operator
              predicate: key is not null (type: boolean)
              Statistics: Num rows: 250 Data size: 2656 Basic stats: COMPLETE Column stats: NONE
              Reduce Output Operator
                key expressions: key (type: string)
                sort order: +
                Map-reduce partition columns: key (type: string)
                Explicit Skew Context:
                    cluster sizes: -1, -1, -1
                    key expressions:
                Statistics: Num rows: 250 Data size: 2656 Basic stats: COMPLETE Column stats: NONE
      Reduce Operator Tree:
        Join Operator
          condition map:
               Inner Join 0 to 1
          condition expressions:
            0 
            1 
          Statistics: Num rows: 275 Data size: 2921 Basic stats: COMPLETE Column stats: NONE
          Select Operator
            Statistics: Num rows: 275 Data size: 2921 Basic stats: COMPLETE Column stats: NONE
            Group By Operator
              aggregations: count()
              mode: hash
              outputColumnNames: _col0
              Statistics: Num rows: 1 Data size: 8 Basic stats: COMPLETE Column stats: NONE
              File Output Operator
                compressed: false
                table:
                    input format: org.apache.hadoop.mapred.SequenceFileInputFormat
                    output format: org.apache.hadoop.hive.ql.io.HiveSequenceFileOutputFormat
                    serde: org.apache.hadoop.hive.serde2.lazybinary.LazyBinarySerDe

  Stage: Stage-2
    Map Reduce
      Map Operator Tree:
          TableScan
            Reduce Output Operator
              sort order: 
              Statistics: Num rows: 1 Data size: 8 Basic stats: COMPLETE Column stats: NONE
              value expressions: _col0 (type: bigint)
      Reduce Operator Tree:
        Group By Operator
          aggregations: count(VALUE._col0)
          mode: mergepartial
          outputColumnNames: _col0
          Statistics: Num rows: 1 Data size: 8 Basic stats: COMPLETE Column stats: NONE
          Select Operator
            expressions: _col0 (type: bigint)
            outputColumnNames: _col0
            Statistics: Num rows: 1 Data size: 8 Basic stats: COMPLETE Column stats: NONE
            File Output Operator
              compressed: false
              Statistics: Num rows: 1 Data size: 8 Basic stats: COMPLETE Column stats: NONE
              table:
                  input format: org.apache.hadoop.mapred.TextInputFormat
                  output format: org.apache.hadoop.hive.ql.io.HiveIgnoreKeyTextOutputFormat
                  serde: org.apache.hadoop.hive.serde2.lazy.LazySimpleSerDe

  Stage: Stage-0
    Fetch Operator
      limit: -1
      Processor Tree:
        ListSink

PREHOOK: query: select count(*) from src a JOIN src b ON a.key=b.key SKEWED ON (
   a.key = 0, b.key = 100, CAST(a.key as int) > 300)
PREHOOK: type: QUERY
PREHOOK: Input: default@src
#### A masked pattern was here ####
POSTHOOK: query: select count(*) from src a JOIN src b ON a.key=b.key SKEWED ON (
   a.key = 0, b.key = 100, CAST(a.key as int) > 300)
POSTHOOK: type: QUERY
POSTHOOK: Input: default@src
#### A masked pattern was here ####
1028
OAZzSyVsJ+Qewsa/+ibZ5w==
PREHOOK: query: -- percent based assigning
explain select count(*) from src a JOIN src b ON a.key=b.key SKEWED ON (
   a.key = 0 CLUSTER BY 20 PERCENT,
   b.key = 100 CLUSTER BY 20 PERCENT,
   cast(a.key as int) > 300 CLUSTER BY 40 PERCENT)
PREHOOK: type: QUERY
POSTHOOK: query: -- percent based assigning
explain select count(*) from src a JOIN src b ON a.key=b.key SKEWED ON (
   a.key = 0 CLUSTER BY 20 PERCENT,
   b.key = 100 CLUSTER BY 20 PERCENT,
   cast(a.key as int) > 300 CLUSTER BY 40 PERCENT)
POSTHOOK: type: QUERY
STAGE DEPENDENCIES:
  Stage-1 is a root stage
  Stage-2 depends on stages: Stage-1
  Stage-0 depends on stages: Stage-2

STAGE PLANS:
  Stage: Stage-1
    Map Reduce
      Map Operator Tree:
          TableScan
            alias: b
            Statistics: Num rows: 500 Data size: 5312 Basic stats: COMPLETE Column stats: NONE
            Filter Operator
              predicate: key is not null (type: boolean)
              Statistics: Num rows: 250 Data size: 2656 Basic stats: COMPLETE Column stats: NONE
              Reduce Output Operator
                key expressions: key (type: string)
                sort order: +
                Map-reduce partition columns: key (type: string)
                Explicit Skew Context:
                    cluster sizes: 20, 20, 40
                    key expressions:
                Statistics: Num rows: 250 Data size: 2656 Basic stats: COMPLETE Column stats: NONE
          TableScan
            alias: a
            Statistics: Num rows: 500 Data size: 5312 Basic stats: COMPLETE Column stats: NONE
            Filter Operator
              predicate: key is not null (type: boolean)
              Statistics: Num rows: 250 Data size: 2656 Basic stats: COMPLETE Column stats: NONE
              Reduce Output Operator
                key expressions: key (type: string)
                sort order: +
                Map-reduce partition columns: key (type: string)
                Explicit Skew Context:
                    cluster sizes: 20, 20, 40
                    key expressions:
                Statistics: Num rows: 250 Data size: 2656 Basic stats: COMPLETE Column stats: NONE
      Reduce Operator Tree:
        Join Operator
          condition map:
               Inner Join 0 to 1
          condition expressions:
            0 
            1 
          Statistics: Num rows: 275 Data size: 2921 Basic stats: COMPLETE Column stats: NONE
          Select Operator
            Statistics: Num rows: 275 Data size: 2921 Basic stats: COMPLETE Column stats: NONE
            Group By Operator
              aggregations: count()
              mode: hash
              outputColumnNames: _col0
              Statistics: Num rows: 1 Data size: 8 Basic stats: COMPLETE Column stats: NONE
              File Output Operator
                compressed: false
                table:
                    input format: org.apache.hadoop.mapred.SequenceFileInputFormat
                    output format: org.apache.hadoop.hive.ql.io.HiveSequenceFileOutputFormat
                    serde: org.apache.hadoop.hive.serde2.lazybinary.LazyBinarySerDe

  Stage: Stage-2
    Map Reduce
      Map Operator Tree:
          TableScan
            Reduce Output Operator
              sort order: 
              Statistics: Num rows: 1 Data size: 8 Basic stats: COMPLETE Column stats: NONE
              value expressions: _col0 (type: bigint)
      Reduce Operator Tree:
        Group By Operator
          aggregations: count(VALUE._col0)
          mode: mergepartial
          outputColumnNames: _col0
          Statistics: Num rows: 1 Data size: 8 Basic stats: COMPLETE Column stats: NONE
          Select Operator
            expressions: _col0 (type: bigint)
            outputColumnNames: _col0
            Statistics: Num rows: 1 Data size: 8 Basic stats: COMPLETE Column stats: NONE
            File Output Operator
              compressed: false
              Statistics: Num rows: 1 Data size: 8 Basic stats: COMPLETE Column stats: NONE
              table:
                  input format: org.apache.hadoop.mapred.TextInputFormat
                  output format: org.apache.hadoop.hive.ql.io.HiveIgnoreKeyTextOutputFormat
                  serde: org.apache.hadoop.hive.serde2.lazy.LazySimpleSerDe

  Stage: Stage-0
    Fetch Operator
      limit: -1
      Processor Tree:
        ListSink

PREHOOK: query: select count(*) from src a JOIN src b ON a.key=b.key SKEWED ON (
   a.key = 0 CLUSTER BY 20 PERCENT,
   b.key = 100 CLUSTER BY 20 PERCENT,
   cast(a.key as int) > 300 CLUSTER BY 40 PERCENT)
PREHOOK: type: QUERY
PREHOOK: Input: default@src
#### A masked pattern was here ####
POSTHOOK: query: select count(*) from src a JOIN src b ON a.key=b.key SKEWED ON (
   a.key = 0 CLUSTER BY 20 PERCENT,
   b.key = 100 CLUSTER BY 20 PERCENT,
   cast(a.key as int) > 300 CLUSTER BY 40 PERCENT)
POSTHOOK: type: QUERY
POSTHOOK: Input: default@src
#### A masked pattern was here ####
1028
OAZzSyVsJ+Qewsa/+ibZ5w==
PREHOOK: query: -- subquery
explain select count(*) from (select distinct key from src) a JOIN src b ON a.key=b.key SKEWED ON (
   a.key = 0 CLUSTER BY 20 PERCENT,
   b.key = 100 CLUSTER BY 20 PERCENT,
   cast(a.key as int) > 300 CLUSTER BY 40 PERCENT)
PREHOOK: type: QUERY
POSTHOOK: query: -- subquery
explain select count(*) from (select distinct key from src) a JOIN src b ON a.key=b.key SKEWED ON (
   a.key = 0 CLUSTER BY 20 PERCENT,
   b.key = 100 CLUSTER BY 20 PERCENT,
   cast(a.key as int) > 300 CLUSTER BY 40 PERCENT)
POSTHOOK: type: QUERY
STAGE DEPENDENCIES:
  Stage-3 is a root stage
  Stage-1 depends on stages: Stage-3
  Stage-2 depends on stages: Stage-1
  Stage-0 depends on stages: Stage-2

STAGE PLANS:
  Stage: Stage-3
    Map Reduce
      Map Operator Tree:
          TableScan
            alias: src
            Statistics: Num rows: 500 Data size: 5312 Basic stats: COMPLETE Column stats: NONE
            Filter Operator
              predicate: key is not null (type: boolean)
              Statistics: Num rows: 250 Data size: 2656 Basic stats: COMPLETE Column stats: NONE
              Select Operator
                expressions: key (type: string)
                outputColumnNames: key
                Statistics: Num rows: 250 Data size: 2656 Basic stats: COMPLETE Column stats: NONE
                Group By Operator
                  keys: key (type: string)
                  mode: hash
                  outputColumnNames: _col0
                  Statistics: Num rows: 250 Data size: 2656 Basic stats: COMPLETE Column stats: NONE
                  Reduce Output Operator
                    key expressions: _col0 (type: string)
                    sort order: +
                    Map-reduce partition columns: _col0 (type: string)
                    Statistics: Num rows: 250 Data size: 2656 Basic stats: COMPLETE Column stats: NONE
      Reduce Operator Tree:
        Group By Operator
          keys: KEY._col0 (type: string)
          mode: mergepartial
          outputColumnNames: _col0
          Statistics: Num rows: 125 Data size: 1328 Basic stats: COMPLETE Column stats: NONE
          Select Operator
            expressions: _col0 (type: string)
            outputColumnNames: _col0
            Statistics: Num rows: 125 Data size: 1328 Basic stats: COMPLETE Column stats: NONE
            File Output Operator
              compressed: false
              table:
                  input format: org.apache.hadoop.mapred.SequenceFileInputFormat
                  output format: org.apache.hadoop.hive.ql.io.HiveSequenceFileOutputFormat
                  serde: org.apache.hadoop.hive.serde2.lazybinary.LazyBinarySerDe

  Stage: Stage-1
    Map Reduce
      Map Operator Tree:
          TableScan
            alias: b
            Statistics: Num rows: 500 Data size: 5312 Basic stats: COMPLETE Column stats: NONE
            Filter Operator
              predicate: key is not null (type: boolean)
              Statistics: Num rows: 250 Data size: 2656 Basic stats: COMPLETE Column stats: NONE
              Reduce Output Operator
                key expressions: key (type: string)
                sort order: +
                Map-reduce partition columns: key (type: string)
                Explicit Skew Context:
                    cluster sizes: 20, 20, 40
                    key expressions:
                Statistics: Num rows: 250 Data size: 2656 Basic stats: COMPLETE Column stats: NONE
          TableScan
            Reduce Output Operator
              key expressions: _col0 (type: string)
              sort order: +
              Map-reduce partition columns: _col0 (type: string)
              Explicit Skew Context:
                  cluster sizes: 20, 20, 40
                  key expressions:
              Statistics: Num rows: 125 Data size: 1328 Basic stats: COMPLETE Column stats: NONE
      Reduce Operator Tree:
        Join Operator
          condition map:
               Inner Join 0 to 1
          condition expressions:
            0 
            1 
          Statistics: Num rows: 275 Data size: 2921 Basic stats: COMPLETE Column stats: NONE
          Select Operator
            Statistics: Num rows: 275 Data size: 2921 Basic stats: COMPLETE Column stats: NONE
            Group By Operator
              aggregations: count()
              mode: hash
              outputColumnNames: _col0
              Statistics: Num rows: 1 Data size: 8 Basic stats: COMPLETE Column stats: NONE
              File Output Operator
                compressed: false
                table:
                    input format: org.apache.hadoop.mapred.SequenceFileInputFormat
                    output format: org.apache.hadoop.hive.ql.io.HiveSequenceFileOutputFormat
                    serde: org.apache.hadoop.hive.serde2.lazybinary.LazyBinarySerDe

  Stage: Stage-2
    Map Reduce
      Map Operator Tree:
          TableScan
            Reduce Output Operator
              sort order: 
              Statistics: Num rows: 1 Data size: 8 Basic stats: COMPLETE Column stats: NONE
              value expressions: _col0 (type: bigint)
      Reduce Operator Tree:
        Group By Operator
          aggregations: count(VALUE._col0)
          mode: mergepartial
          outputColumnNames: _col0
          Statistics: Num rows: 1 Data size: 8 Basic stats: COMPLETE Column stats: NONE
          Select Operator
            expressions: _col0 (type: bigint)
            outputColumnNames: _col0
            Statistics: Num rows: 1 Data size: 8 Basic stats: COMPLETE Column stats: NONE
            File Output Operator
              compressed: false
              Statistics: Num rows: 1 Data size: 8 Basic stats: COMPLETE Column stats: NONE
              table:
                  input format: org.apache.hadoop.mapred.TextInputFormat
                  output format: org.apache.hadoop.hive.ql.io.HiveIgnoreKeyTextOutputFormat
                  serde: org.apache.hadoop.hive.serde2.lazy.LazySimpleSerDe

  Stage: Stage-0
    Fetch Operator
      limit: -1
      Processor Tree:
        ListSink

PREHOOK: query: select count(*) from (select distinct key from src) a JOIN src b ON a.key=b.key SKEWED ON (
   a.key = 0 CLUSTER BY 20 PERCENT,
   b.key = 100 CLUSTER BY 20 PERCENT,
   cast(a.key as int) > 300 CLUSTER BY 40 PERCENT)
PREHOOK: type: QUERY
PREHOOK: Input: default@src
#### A masked pattern was here ####
POSTHOOK: query: select count(*) from (select distinct key from src) a JOIN src b ON a.key=b.key SKEWED ON (
   a.key = 0 CLUSTER BY 20 PERCENT,
   b.key = 100 CLUSTER BY 20 PERCENT,
   cast(a.key as int) > 300 CLUSTER BY 40 PERCENT)
POSTHOOK: type: QUERY
POSTHOOK: Input: default@src
#### A masked pattern was here ####
500
zuYxEhwuySMvOi8CitXImw==
PREHOOK: query: -- nested skewjoin
explain
select * from
   (select a.* from src a JOIN src b ON a.key=b.key SKEWED ON (
      a.key < 10 CLUSTER BY 20 PERCENT,
      b.key < 20 CLUSTER BY 20 PERCENT) where a.key < 70) X
   JOIN
   (select a.* from src a JOIN src b ON a.key=b.key SKEWED ON (
      a.key < 60 CLUSTER BY 20 PERCENT,
      b.key < 70 CLUSTER BY 20 PERCENT) where a.key > 50) Y
   ON X.key=Y.key SKEWED ON (
      X.key < 55 CLUSTER BY 20 PERCENT,
      Y.key > 65 CLUSTER BY 20 PERCENT)
PREHOOK: type: QUERY
POSTHOOK: query: -- nested skewjoin
explain
select * from
   (select a.* from src a JOIN src b ON a.key=b.key SKEWED ON (
      a.key < 10 CLUSTER BY 20 PERCENT,
      b.key < 20 CLUSTER BY 20 PERCENT) where a.key < 70) X
   JOIN
   (select a.* from src a JOIN src b ON a.key=b.key SKEWED ON (
      a.key < 60 CLUSTER BY 20 PERCENT,
      b.key < 70 CLUSTER BY 20 PERCENT) where a.key > 50) Y
   ON X.key=Y.key SKEWED ON (
      X.key < 55 CLUSTER BY 20 PERCENT,
      Y.key > 65 CLUSTER BY 20 PERCENT)
POSTHOOK: type: QUERY
STAGE DEPENDENCIES:
  Stage-1 is a root stage
  Stage-2 depends on stages: Stage-1, Stage-4
  Stage-4 is a root stage
  Stage-0 depends on stages: Stage-2

STAGE PLANS:
  Stage: Stage-1
    Map Reduce
      Map Operator Tree:
          TableScan
            alias: b
            Statistics: Num rows: 500 Data size: 5312 Basic stats: COMPLETE Column stats: NONE
            Filter Operator
              predicate: (key is not null and (key < 70)) (type: boolean)
              Statistics: Num rows: 83 Data size: 881 Basic stats: COMPLETE Column stats: NONE
              Reduce Output Operator
                key expressions: key (type: string)
                sort order: +
                Map-reduce partition columns: key (type: string)
                Explicit Skew Context:
                    cluster sizes: 20, 20
                    key expressions:
                Statistics: Num rows: 83 Data size: 881 Basic stats: COMPLETE Column stats: NONE
          TableScan
            alias: a
            Statistics: Num rows: 500 Data size: 5312 Basic stats: COMPLETE Column stats: NONE
            Filter Operator
              predicate: (key is not null and (key < 70)) (type: boolean)
              Statistics: Num rows: 83 Data size: 881 Basic stats: COMPLETE Column stats: NONE
              Reduce Output Operator
                key expressions: key (type: string)
                sort order: +
                Map-reduce partition columns: key (type: string)
                Explicit Skew Context:
                    cluster sizes: 20, 20
                    key expressions:
                Statistics: Num rows: 83 Data size: 881 Basic stats: COMPLETE Column stats: NONE
                value expressions: value (type: string)
      Reduce Operator Tree:
        Join Operator
          condition map:
               Inner Join 0 to 1
          condition expressions:
            0 {KEY.reducesinkkey0} {VALUE._col0}
            1 
          outputColumnNames: _col0, _col1
          Statistics: Num rows: 91 Data size: 969 Basic stats: COMPLETE Column stats: NONE
          Select Operator
            expressions: _col0 (type: string), _col1 (type: string)
            outputColumnNames: _col0, _col1
            Statistics: Num rows: 91 Data size: 969 Basic stats: COMPLETE Column stats: NONE
            File Output Operator
              compressed: false
              table:
                  input format: org.apache.hadoop.mapred.SequenceFileInputFormat
                  output format: org.apache.hadoop.hive.ql.io.HiveSequenceFileOutputFormat
                  serde: org.apache.hadoop.hive.serde2.lazybinary.LazyBinarySerDe

  Stage: Stage-2
    Map Reduce
      Map Operator Tree:
          TableScan
            Reduce Output Operator
              key expressions: _col0 (type: string)
              sort order: +
              Map-reduce partition columns: _col0 (type: string)
              Explicit Skew Context:
                  cluster sizes: 20, 20
                  key expressions:
              Statistics: Num rows: 91 Data size: 969 Basic stats: COMPLETE Column stats: NONE
              value expressions: _col1 (type: string)
          TableScan
            Reduce Output Operator
              key expressions: _col0 (type: string)
              sort order: +
              Map-reduce partition columns: _col0 (type: string)
              Explicit Skew Context:
                  cluster sizes: 20, 20
                  key expressions:
              Statistics: Num rows: 91 Data size: 969 Basic stats: COMPLETE Column stats: NONE
              value expressions: _col1 (type: string)
      Reduce Operator Tree:
        Join Operator
          condition map:
               Inner Join 0 to 1
          condition expressions:
            0 {KEY.reducesinkkey0} {VALUE._col0}
            1 {KEY.reducesinkkey0} {VALUE._col0}
          outputColumnNames: _col0, _col1, _col2, _col3
          Statistics: Num rows: 100 Data size: 1065 Basic stats: COMPLETE Column stats: NONE
          Select Operator
            expressions: _col0 (type: string), _col1 (type: string), _col2 (type: string), _col3 (type: string)
            outputColumnNames: _col0, _col1, _col2, _col3
            Statistics: Num rows: 100 Data size: 1065 Basic stats: COMPLETE Column stats: NONE
            File Output Operator
              compressed: false
              Statistics: Num rows: 100 Data size: 1065 Basic stats: COMPLETE Column stats: NONE
              table:
                  input format: org.apache.hadoop.mapred.TextInputFormat
                  output format: org.apache.hadoop.hive.ql.io.HiveIgnoreKeyTextOutputFormat
                  serde: org.apache.hadoop.hive.serde2.lazy.LazySimpleSerDe

  Stage: Stage-4
    Map Reduce
      Map Operator Tree:
          TableScan
            alias: a
            Statistics: Num rows: 500 Data size: 5312 Basic stats: COMPLETE Column stats: NONE
            Filter Operator
              predicate: (key is not null and (key > 50)) (type: boolean)
              Statistics: Num rows: 83 Data size: 881 Basic stats: COMPLETE Column stats: NONE
              Reduce Output Operator
                key expressions: key (type: string)
                sort order: +
                Map-reduce partition columns: key (type: string)
                Explicit Skew Context:
                    cluster sizes: 20, 20
                    key expressions:
                Statistics: Num rows: 83 Data size: 881 Basic stats: COMPLETE Column stats: NONE
                value expressions: value (type: string)
          TableScan
            alias: b
            Statistics: Num rows: 500 Data size: 5312 Basic stats: COMPLETE Column stats: NONE
            Filter Operator
              predicate: (key is not null and (key > 50)) (type: boolean)
              Statistics: Num rows: 83 Data size: 881 Basic stats: COMPLETE Column stats: NONE
              Reduce Output Operator
                key expressions: key (type: string)
                sort order: +
                Map-reduce partition columns: key (type: string)
                Explicit Skew Context:
                    cluster sizes: 20, 20
                    key expressions:
                Statistics: Num rows: 83 Data size: 881 Basic stats: COMPLETE Column stats: NONE
      Reduce Operator Tree:
        Join Operator
          condition map:
               Inner Join 0 to 1
          condition expressions:
            0 {KEY.reducesinkkey0} {VALUE._col0}
            1 
          outputColumnNames: _col0, _col1
          Statistics: Num rows: 91 Data size: 969 Basic stats: COMPLETE Column stats: NONE
          Select Operator
            expressions: _col0 (type: string), _col1 (type: string)
            outputColumnNames: _col0, _col1
            Statistics: Num rows: 91 Data size: 969 Basic stats: COMPLETE Column stats: NONE
            File Output Operator
              compressed: false
              table:
                  input format: org.apache.hadoop.mapred.SequenceFileInputFormat
                  output format: org.apache.hadoop.hive.ql.io.HiveSequenceFileOutputFormat
                  serde: org.apache.hadoop.hive.serde2.lazybinary.LazyBinarySerDe

  Stage: Stage-0
    Fetch Operator
      limit: -1
      Processor Tree:
        ListSink

PREHOOK: query: select * from
   (select a.* from src a JOIN src b ON a.key=b.key SKEWED ON (
      a.key < 10 CLUSTER BY 20 PERCENT,
      b.key < 20 CLUSTER BY 20 PERCENT) where a.key < 70) X
   JOIN
   (select a.* from src a JOIN src b ON a.key=b.key SKEWED ON (
      a.key < 60 CLUSTER BY 20 PERCENT,
      b.key < 70 CLUSTER BY 20 PERCENT) where a.key > 50) Y
   ON X.key=Y.key SKEWED ON (
      X.key < 55 CLUSTER BY 20 PERCENT,
      Y.key > 65 CLUSTER BY 20 PERCENT)
PREHOOK: type: QUERY
PREHOOK: Input: default@src
#### A masked pattern was here ####
POSTHOOK: query: select * from
   (select a.* from src a JOIN src b ON a.key=b.key SKEWED ON (
      a.key < 10 CLUSTER BY 20 PERCENT,
      b.key < 20 CLUSTER BY 20 PERCENT) where a.key < 70) X
   JOIN
   (select a.* from src a JOIN src b ON a.key=b.key SKEWED ON (
      a.key < 60 CLUSTER BY 20 PERCENT,
      b.key < 70 CLUSTER BY 20 PERCENT) where a.key > 50) Y
   ON X.key=Y.key SKEWED ON (
      X.key < 55 CLUSTER BY 20 PERCENT,
      Y.key > 65 CLUSTER BY 20 PERCENT)
POSTHOOK: type: QUERY
POSTHOOK: Input: default@src
#### A masked pattern was here ####
51	val_51	51	val_51
51	val_51	51	val_51
51	val_51	51	val_51
51	val_51	51	val_51
51	val_51	51	val_51
51	val_51	51	val_51
51	val_51	51	val_51
51	val_51	51	val_51
51	val_51	51	val_51
51	val_51	51	val_51
51	val_51	51	val_51
51	val_51	51	val_51
51	val_51	51	val_51
51	val_51	51	val_51
51	val_51	51	val_51
51	val_51	51	val_51
53	val_53	53	val_53
54	val_54	54	val_54
57	val_57	57	val_57
58	val_58	58	val_58
58	val_58	58	val_58
58	val_58	58	val_58
58	val_58	58	val_58
58	val_58	58	val_58
58	val_58	58	val_58
58	val_58	58	val_58
58	val_58	58	val_58
58	val_58	58	val_58
58	val_58	58	val_58
58	val_58	58	val_58
58	val_58	58	val_58
58	val_58	58	val_58
58	val_58	58	val_58
58	val_58	58	val_58
58	val_58	58	val_58
64	val_64	64	val_64
65	val_65	65	val_65
66	val_66	66	val_66
67	val_67	67	val_67
67	val_67	67	val_67
67	val_67	67	val_67
67	val_67	67	val_67
67	val_67	67	val_67
67	val_67	67	val_67
67	val_67	67	val_67
67	val_67	67	val_67
67	val_67	67	val_67
67	val_67	67	val_67
67	val_67	67	val_67
67	val_67	67	val_67
67	val_67	67	val_67
67	val_67	67	val_67
67	val_67	67	val_67
67	val_67	67	val_67
69	val_69	69	val_69
/9J5SFPLb7fHqfUyR1DD4A==
PREHOOK: query: -- auto-convert (map-join)
explain
select X.* from
   (select * from src where key < 70) X
   JOIN
   (select * from src where key > 50) Y
   ON X.key=Y.key SKEWED ON (
      X.key < 55 CLUSTER BY 20 PERCENT,
      Y.key > 65 CLUSTER BY 20 PERCENT) order by X.key
PREHOOK: type: QUERY
POSTHOOK: query: -- auto-convert (map-join)
explain
select X.* from
   (select * from src where key < 70) X
   JOIN
   (select * from src where key > 50) Y
   ON X.key=Y.key SKEWED ON (
      X.key < 55 CLUSTER BY 20 PERCENT,
      Y.key > 65 CLUSTER BY 20 PERCENT) order by X.key
POSTHOOK: type: QUERY
STAGE DEPENDENCIES:
  Stage-6 is a root stage , consists of Stage-7, Stage-8, Stage-1
  Stage-7 has a backup stage: Stage-1
  Stage-4 depends on stages: Stage-7
  Stage-2 depends on stages: Stage-1, Stage-4, Stage-5
  Stage-8 has a backup stage: Stage-1
  Stage-5 depends on stages: Stage-8
  Stage-1
  Stage-0 depends on stages: Stage-2

STAGE PLANS:
  Stage: Stage-6
    Conditional Operator

  Stage: Stage-7
    Map Reduce Local Work
      Alias -> Map Local Tables:
        y:src 
          Fetch Operator
            limit: -1
      Alias -> Map Local Operator Tree:
        y:src 
          TableScan
            alias: src
            Filter Operator
              predicate: ((key > 50) and key is not null) (type: boolean)
              Select Operator
                expressions: key (type: string)
                outputColumnNames: _col0
                HashTable Sink Operator
                  condition expressions:
                    0 {_col0} {_col1}
                    1 
                  keys:
                    0 _col0 (type: string)
                    1 _col0 (type: string)

  Stage: Stage-4
    Map Reduce
      Map Operator Tree:
          TableScan
            alias: src
            Filter Operator
              predicate: ((key < 70) and key is not null) (type: boolean)
              Select Operator
                expressions: key (type: string), value (type: string)
                outputColumnNames: _col0, _col1
                Map Join Operator
                  condition map:
                       Inner Join 0 to 1
                  condition expressions:
                    0 {_col0} {_col1}
                    1 
                  keys:
                    0 _col0 (type: string)
                    1 _col0 (type: string)
                  outputColumnNames: _col0, _col1
                  Select Operator
                    expressions: _col0 (type: string), _col1 (type: string)
                    outputColumnNames: _col0, _col1
                    File Output Operator
                      compressed: false
                      table:
                          input format: org.apache.hadoop.mapred.SequenceFileInputFormat
                          output format: org.apache.hadoop.hive.ql.io.HiveSequenceFileOutputFormat
                          serde: org.apache.hadoop.hive.serde2.lazybinary.LazyBinarySerDe
      Local Work:
        Map Reduce Local Work

  Stage: Stage-2
    Map Reduce
      Map Operator Tree:
          TableScan
            Reduce Output Operator
              key expressions: _col0 (type: string)
              sort order: +
              Statistics: Num rows: 91 Data size: 969 Basic stats: COMPLETE Column stats: NONE
              value expressions: _col1 (type: string)
      Reduce Operator Tree:
        Select Operator
          expressions: KEY.reducesinkkey0 (type: string), VALUE._col0 (type: string)
          outputColumnNames: _col0, _col1
          Statistics: Num rows: 91 Data size: 969 Basic stats: COMPLETE Column stats: NONE
          File Output Operator
            compressed: false
            Statistics: Num rows: 91 Data size: 969 Basic stats: COMPLETE Column stats: NONE
            table:
                input format: org.apache.hadoop.mapred.TextInputFormat
                output format: org.apache.hadoop.hive.ql.io.HiveIgnoreKeyTextOutputFormat
                serde: org.apache.hadoop.hive.serde2.lazy.LazySimpleSerDe

  Stage: Stage-8
    Map Reduce Local Work
      Alias -> Map Local Tables:
        x:src 
          Fetch Operator
            limit: -1
      Alias -> Map Local Operator Tree:
        x:src 
          TableScan
            alias: src
            Filter Operator
              predicate: ((key < 70) and key is not null) (type: boolean)
              Select Operator
                expressions: key (type: string), value (type: string)
                outputColumnNames: _col0, _col1
                HashTable Sink Operator
                  condition expressions:
                    0 {_col1}
                    1 
                  keys:
                    0 _col0 (type: string)
                    1 _col0 (type: string)

  Stage: Stage-5
    Map Reduce
      Map Operator Tree:
          TableScan
            alias: src
            Filter Operator
              predicate: ((key > 50) and key is not null) (type: boolean)
              Select Operator
                expressions: key (type: string)
                outputColumnNames: _col0
                Map Join Operator
                  condition map:
                       Inner Join 0 to 1
                  condition expressions:
                    0 {_col0} {_col1}
                    1 
                  keys:
                    0 _col0 (type: string)
                    1 _col0 (type: string)
                  outputColumnNames: _col0, _col1
                  Select Operator
                    expressions: _col0 (type: string), _col1 (type: string)
                    outputColumnNames: _col0, _col1
                    File Output Operator
                      compressed: false
                      table:
                          input format: org.apache.hadoop.mapred.SequenceFileInputFormat
                          output format: org.apache.hadoop.hive.ql.io.HiveSequenceFileOutputFormat
                          serde: org.apache.hadoop.hive.serde2.lazybinary.LazyBinarySerDe
      Local Work:
        Map Reduce Local Work

  Stage: Stage-1
    Map Reduce
      Map Operator Tree:
          TableScan
            alias: src
            Statistics: Num rows: 500 Data size: 5312 Basic stats: COMPLETE Column stats: NONE
            Filter Operator
              predicate: ((key < 70) and key is not null) (type: boolean)
              Statistics: Num rows: 83 Data size: 881 Basic stats: COMPLETE Column stats: NONE
              Select Operator
                expressions: key (type: string), value (type: string)
                outputColumnNames: _col0, _col1
                Statistics: Num rows: 83 Data size: 881 Basic stats: COMPLETE Column stats: NONE
                Reduce Output Operator
                  key expressions: _col0 (type: string)
                  sort order: +
                  Map-reduce partition columns: _col0 (type: string)
                  Explicit Skew Context:
                      cluster sizes: 20, 20
                      key expressions:
                  Statistics: Num rows: 83 Data size: 881 Basic stats: COMPLETE Column stats: NONE
                  value expressions: _col1 (type: string)
          TableScan
            alias: src
            Statistics: Num rows: 500 Data size: 5312 Basic stats: COMPLETE Column stats: NONE
            Filter Operator
              predicate: ((key > 50) and key is not null) (type: boolean)
              Statistics: Num rows: 83 Data size: 881 Basic stats: COMPLETE Column stats: NONE
              Select Operator
                expressions: key (type: string)
                outputColumnNames: _col0
                Statistics: Num rows: 83 Data size: 881 Basic stats: COMPLETE Column stats: NONE
                Reduce Output Operator
                  key expressions: _col0 (type: string)
                  sort order: +
                  Map-reduce partition columns: _col0 (type: string)
                  Explicit Skew Context:
                      cluster sizes: 20, 20
                      key expressions:
                  Statistics: Num rows: 83 Data size: 881 Basic stats: COMPLETE Column stats: NONE
      Reduce Operator Tree:
        Join Operator
          condition map:
               Inner Join 0 to 1
          condition expressions:
            0 {KEY.reducesinkkey0} {VALUE._col0}
            1 
          outputColumnNames: _col0, _col1
          Statistics: Num rows: 91 Data size: 969 Basic stats: COMPLETE Column stats: NONE
          Select Operator
            expressions: _col0 (type: string), _col1 (type: string)
            outputColumnNames: _col0, _col1
            Statistics: Num rows: 91 Data size: 969 Basic stats: COMPLETE Column stats: NONE
            File Output Operator
              compressed: false
              table:
                  input format: org.apache.hadoop.mapred.SequenceFileInputFormat
                  output format: org.apache.hadoop.hive.ql.io.HiveSequenceFileOutputFormat
                  serde: org.apache.hadoop.hive.serde2.lazybinary.LazyBinarySerDe

  Stage: Stage-0
    Fetch Operator
      limit: -1
      Processor Tree:
        ListSink

PREHOOK: query: -- auto-convert (map-join)
select X.* from
   (select * from src where key < 70) X
   JOIN
   (select * from src where key > 50) Y
   ON X.key=Y.key SKEWED ON (
      X.key < 55 CLUSTER BY 20 PERCENT,
      Y.key > 65 CLUSTER BY 20 PERCENT) order by X.key
PREHOOK: type: QUERY
PREHOOK: Input: default@src
#### A masked pattern was here ####
POSTHOOK: query: -- auto-convert (map-join)
select X.* from
   (select * from src where key < 70) X
   JOIN
   (select * from src where key > 50) Y
   ON X.key=Y.key SKEWED ON (
      X.key < 55 CLUSTER BY 20 PERCENT,
      Y.key > 65 CLUSTER BY 20 PERCENT) order by X.key
POSTHOOK: type: QUERY
POSTHOOK: Input: default@src
#### A masked pattern was here ####
51	val_51
51	val_51
51	val_51
51	val_51
53	val_53
54	val_54
57	val_57
58	val_58
58	val_58
58	val_58
58	val_58
64	val_64
65	val_65
66	val_66
67	val_67
67	val_67
67	val_67
67	val_67
69	val_69
U7teTw/+GPp9VD0pQK2DoQ==
PREHOOK: query: -- auto-convert (common-join)
select X.* from
   (select * from src where key < 70) X
   JOIN
   (select * from src where key > 50) Y
   ON X.key=Y.key SKEWED ON (
      X.key < 55 CLUSTER BY 20 PERCENT,
      Y.key > 65 CLUSTER BY 20 PERCENT) order by X.key
PREHOOK: type: QUERY
PREHOOK: Input: default@src
#### A masked pattern was here ####
POSTHOOK: query: -- auto-convert (common-join)
select X.* from
   (select * from src where key < 70) X
   JOIN
   (select * from src where key > 50) Y
   ON X.key=Y.key SKEWED ON (
      X.key < 55 CLUSTER BY 20 PERCENT,
      Y.key > 65 CLUSTER BY 20 PERCENT) order by X.key
POSTHOOK: type: QUERY
POSTHOOK: Input: default@src
#### A masked pattern was here ####
51	val_51
51	val_51
51	val_51
51	val_51
53	val_53
54	val_54
57	val_57
58	val_58
58	val_58
58	val_58
58	val_58
64	val_64
65	val_65
66	val_66
67	val_67
67	val_67
67	val_67
67	val_67
69	val_69
U7teTw/+GPp9VD0pQK2DoQ==
PREHOOK: query: -- negative, 3 reducers for 5 groups (4 skewed +1 non-skewed), disabled at runtime
explain select count(*) from src a JOIN src b ON a.key=b.key SKEWED ON (
   a.key = 0 CLUSTER BY 10 PERCENT,
   a.key = 10 CLUSTER BY 10 PERCENT,
   a.key = 20 CLUSTER BY 10 PERCENT,
   b.key = 30 CLUSTER BY 10 PERCENT)
PREHOOK: type: QUERY
POSTHOOK: query: -- negative, 3 reducers for 5 groups (4 skewed +1 non-skewed), disabled at runtime
explain select count(*) from src a JOIN src b ON a.key=b.key SKEWED ON (
   a.key = 0 CLUSTER BY 10 PERCENT,
   a.key = 10 CLUSTER BY 10 PERCENT,
   a.key = 20 CLUSTER BY 10 PERCENT,
   b.key = 30 CLUSTER BY 10 PERCENT)
POSTHOOK: type: QUERY
STAGE DEPENDENCIES:
  Stage-1 is a root stage
  Stage-2 depends on stages: Stage-1
  Stage-0 depends on stages: Stage-2

STAGE PLANS:
  Stage: Stage-1
    Map Reduce
      Map Operator Tree:
          TableScan
            alias: b
            Statistics: Num rows: 500 Data size: 5312 Basic stats: COMPLETE Column stats: NONE
            Filter Operator
              predicate: key is not null (type: boolean)
              Statistics: Num rows: 250 Data size: 2656 Basic stats: COMPLETE Column stats: NONE
              Reduce Output Operator
                key expressions: key (type: string)
                sort order: +
                Map-reduce partition columns: key (type: string)
                Explicit Skew Context:
                    cluster sizes: 10, 10, 10, 10
                    key expressions:
                Statistics: Num rows: 250 Data size: 2656 Basic stats: COMPLETE Column stats: NONE
          TableScan
            alias: a
            Statistics: Num rows: 500 Data size: 5312 Basic stats: COMPLETE Column stats: NONE
            Filter Operator
              predicate: key is not null (type: boolean)
              Statistics: Num rows: 250 Data size: 2656 Basic stats: COMPLETE Column stats: NONE
              Reduce Output Operator
                key expressions: key (type: string)
                sort order: +
                Map-reduce partition columns: key (type: string)
                Explicit Skew Context:
                    cluster sizes: 10, 10, 10, 10
                    key expressions:
                Statistics: Num rows: 250 Data size: 2656 Basic stats: COMPLETE Column stats: NONE
      Reduce Operator Tree:
        Join Operator
          condition map:
               Inner Join 0 to 1
          condition expressions:
            0 
            1 
          Statistics: Num rows: 275 Data size: 2921 Basic stats: COMPLETE Column stats: NONE
          Select Operator
            Statistics: Num rows: 275 Data size: 2921 Basic stats: COMPLETE Column stats: NONE
            Group By Operator
              aggregations: count()
              mode: hash
              outputColumnNames: _col0
              Statistics: Num rows: 1 Data size: 8 Basic stats: COMPLETE Column stats: NONE
              File Output Operator
                compressed: false
                table:
                    input format: org.apache.hadoop.mapred.SequenceFileInputFormat
                    output format: org.apache.hadoop.hive.ql.io.HiveSequenceFileOutputFormat
                    serde: org.apache.hadoop.hive.serde2.lazybinary.LazyBinarySerDe

  Stage: Stage-2
    Map Reduce
      Map Operator Tree:
          TableScan
            Reduce Output Operator
              sort order: 
              Statistics: Num rows: 1 Data size: 8 Basic stats: COMPLETE Column stats: NONE
              value expressions: _col0 (type: bigint)
      Reduce Operator Tree:
        Group By Operator
          aggregations: count(VALUE._col0)
          mode: mergepartial
          outputColumnNames: _col0
          Statistics: Num rows: 1 Data size: 8 Basic stats: COMPLETE Column stats: NONE
          Select Operator
            expressions: _col0 (type: bigint)
            outputColumnNames: _col0
            Statistics: Num rows: 1 Data size: 8 Basic stats: COMPLETE Column stats: NONE
            File Output Operator
              compressed: false
              Statistics: Num rows: 1 Data size: 8 Basic stats: COMPLETE Column stats: NONE
              table:
                  input format: org.apache.hadoop.mapred.TextInputFormat
                  output format: org.apache.hadoop.hive.ql.io.HiveIgnoreKeyTextOutputFormat
                  serde: org.apache.hadoop.hive.serde2.lazy.LazySimpleSerDe

  Stage: Stage-0
    Fetch Operator
      limit: -1
      Processor Tree:
        ListSink

PREHOOK: query: select count(*) from src a JOIN src b ON a.key=b.key SKEWED ON (
   a.key = 0 CLUSTER BY 10 PERCENT,
   a.key = 10 CLUSTER BY 10 PERCENT,
   a.key = 20 CLUSTER BY 10 PERCENT,
   b.key = 30 CLUSTER BY 10 PERCENT)
PREHOOK: type: QUERY
PREHOOK: Input: default@src
#### A masked pattern was here ####
POSTHOOK: query: select count(*) from src a JOIN src b ON a.key=b.key SKEWED ON (
   a.key = 0 CLUSTER BY 10 PERCENT,
   a.key = 10 CLUSTER BY 10 PERCENT,
   a.key = 20 CLUSTER BY 10 PERCENT,
   b.key = 30 CLUSTER BY 10 PERCENT)
POSTHOOK: type: QUERY
POSTHOOK: Input: default@src
#### A masked pattern was here ####
1028
OAZzSyVsJ+Qewsa/+ibZ5w==
