PREHOOK: query: CREATE TEMPORARY FUNCTION col_name_udf AS 'org.apache.hadoop.hive.ql.udf.generic.GenericUDFColumnNameTest'
PREHOOK: type: CREATEFUNCTION
PREHOOK: Output: database:default
POSTHOOK: query: CREATE TEMPORARY FUNCTION col_name_udf AS 'org.apache.hadoop.hive.ql.udf.generic.GenericUDFColumnNameTest'
POSTHOOK: type: CREATEFUNCTION
POSTHOOK: Output: database:default
PREHOOK: query: CREATE TEMPORARY FUNCTION col_name_udtf AS 'org.apache.hadoop.hive.ql.udf.generic.GenericUDTFColumnNameTest'
PREHOOK: type: CREATEFUNCTION
PREHOOK: Output: database:default
POSTHOOK: query: CREATE TEMPORARY FUNCTION col_name_udtf AS 'org.apache.hadoop.hive.ql.udf.generic.GenericUDTFColumnNameTest'
POSTHOOK: type: CREATEFUNCTION
POSTHOOK: Output: database:default
PREHOOK: query: CREATE TEMPORARY FUNCTION col_name_udaf AS 'org.apache.hadoop.hive.ql.udf.generic.GenericUDAFColumnNameTest'
PREHOOK: type: CREATEFUNCTION
PREHOOK: Output: database:default
POSTHOOK: query: CREATE TEMPORARY FUNCTION col_name_udaf AS 'org.apache.hadoop.hive.ql.udf.generic.GenericUDAFColumnNameTest'
POSTHOOK: type: CREATEFUNCTION
POSTHOOK: Output: database:default
PREHOOK: query: explain
select col_name_udf(key, key + value, cast(value as int), value + 1) from src TABLESAMPLE (10 ROWS)
PREHOOK: type: QUERY
POSTHOOK: query: explain
select col_name_udf(key, key + value, cast(value as int), value + 1) from src TABLESAMPLE (10 ROWS)
POSTHOOK: type: QUERY
STAGE DEPENDENCIES:
  Stage-1 is a root stage
  Stage-0 depends on stages: Stage-1

STAGE PLANS:
  Stage: Stage-1
    Map Reduce
      Map Operator Tree:
          TableScan
            alias: src
            Row Limit Per Split: 10
            Statistics: Num rows: 29 Data size: 5812 Basic stats: COMPLETE Column stats: NONE
            Select Operator
              expressions: dummy_udf_for_printing_col_names(key,(key + value),UDFToInteger(value),(value + 1)) (type: string)
              outputColumnNames: _col0
              Statistics: Num rows: 29 Data size: 5812 Basic stats: COMPLETE Column stats: NONE
              File Output Operator
                compressed: false
                Statistics: Num rows: 29 Data size: 5812 Basic stats: COMPLETE Column stats: NONE
                table:
                    input format: org.apache.hadoop.mapred.TextInputFormat
                    output format: org.apache.hadoop.hive.ql.io.HiveIgnoreKeyTextOutputFormat
                    serde: org.apache.hadoop.hive.serde2.lazy.LazySimpleSerDe

  Stage: Stage-0
    Fetch Operator
      limit: -1
      Processor Tree:
        ListSink

PREHOOK: query: select col_name_udf(key, key + value, cast(value as int), value + 1) from src TABLESAMPLE (10 ROWS)
PREHOOK: type: QUERY
PREHOOK: Input: default@src
#### A masked pattern was here ####
POSTHOOK: query: select col_name_udf(key, key + value, cast(value as int), value + 1) from src TABLESAMPLE (10 ROWS)
POSTHOOK: type: QUERY
POSTHOOK: Input: default@src
#### A masked pattern was here ####
key, _c2, value, _c4
key, _c2, value, _c4
key, _c2, value, _c4
key, _c2, value, _c4
key, _c2, value, _c4
key, _c2, value, _c4
key, _c2, value, _c4
key, _c2, value, _c4
key, _c2, value, _c4
key, _c2, value, _c4
PREHOOK: query: explain
select col_name_udtf(key, key + value, cast(value as int), value + 1) AS (a, b, c, d) from src TABLESAMPLE (10 ROWS)
PREHOOK: type: QUERY
POSTHOOK: query: explain
select col_name_udtf(key, key + value, cast(value as int), value + 1) AS (a, b, c, d) from src TABLESAMPLE (10 ROWS)
POSTHOOK: type: QUERY
STAGE DEPENDENCIES:
  Stage-1 is a root stage
  Stage-0 depends on stages: Stage-1

STAGE PLANS:
  Stage: Stage-1
    Map Reduce
      Map Operator Tree:
          TableScan
            alias: src
            Row Limit Per Split: 10
            Statistics: Num rows: 29 Data size: 5812 Basic stats: COMPLETE Column stats: NONE
            Select Operator
              expressions: key (type: string), (key + value) (type: double), UDFToInteger(value) (type: int), (value + 1) (type: double)
              outputColumnNames: _col0, _col1, _col2, _col3
              Statistics: Num rows: 29 Data size: 5812 Basic stats: COMPLETE Column stats: NONE
              UDTF Operator
                Statistics: Num rows: 29 Data size: 5812 Basic stats: COMPLETE Column stats: NONE
                function name: dummy_udtf_for_printing_col_names
                File Output Operator
                  compressed: false
                  Statistics: Num rows: 29 Data size: 5812 Basic stats: COMPLETE Column stats: NONE
                  table:
                      input format: org.apache.hadoop.mapred.TextInputFormat
                      output format: org.apache.hadoop.hive.ql.io.HiveIgnoreKeyTextOutputFormat
                      serde: org.apache.hadoop.hive.serde2.lazy.LazySimpleSerDe

  Stage: Stage-0
    Fetch Operator
      limit: -1
      Processor Tree:
        ListSink

PREHOOK: query: select col_name_udtf(key, key + value, cast(value as int), value + 1) AS (a, b, c, d) from src TABLESAMPLE (10 ROWS)
PREHOOK: type: QUERY
PREHOOK: Input: default@src
#### A masked pattern was here ####
POSTHOOK: query: select col_name_udtf(key, key + value, cast(value as int), value + 1) AS (a, b, c, d) from src TABLESAMPLE (10 ROWS)
POSTHOOK: type: QUERY
POSTHOOK: Input: default@src
#### A masked pattern was here ####
key	_c2	value	_c4
key	_c2	value	_c4
key	_c2	value	_c4
key	_c2	value	_c4
key	_c2	value	_c4
key	_c2	value	_c4
key	_c2	value	_c4
key	_c2	value	_c4
key	_c2	value	_c4
key	_c2	value	_c4
PREHOOK: query: explain
select col_name_udaf(key, key + value, cast(value as int), value + 1) from src TABLESAMPLE (10 ROWS) group by key
PREHOOK: type: QUERY
POSTHOOK: query: explain
select col_name_udaf(key, key + value, cast(value as int), value + 1) from src TABLESAMPLE (10 ROWS) group by key
POSTHOOK: type: QUERY
STAGE DEPENDENCIES:
  Stage-1 is a root stage
  Stage-0 depends on stages: Stage-1

STAGE PLANS:
  Stage: Stage-1
    Map Reduce
      Map Operator Tree:
          TableScan
            alias: src
            Row Limit Per Split: 10
            Statistics: Num rows: 29 Data size: 5812 Basic stats: COMPLETE Column stats: NONE
            Select Operator
              expressions: key (type: string), value (type: string)
              outputColumnNames: key, value
              Statistics: Num rows: 29 Data size: 5812 Basic stats: COMPLETE Column stats: NONE
              Group By Operator
                aggregations: col_name_udaf(key, (key + value), UDFToInteger(value), (value + 1))
                keys: key (type: string)
                mode: hash
                outputColumnNames: _col0, _col1
                Statistics: Num rows: 29 Data size: 5812 Basic stats: COMPLETE Column stats: NONE
                Reduce Output Operator
                  key expressions: _col0 (type: string)
                  sort order: +
                  Map-reduce partition columns: _col0 (type: string)
                  Statistics: Num rows: 29 Data size: 5812 Basic stats: COMPLETE Column stats: NONE
                  value expressions: _col1 (type: string)
      Reduce Operator Tree:
        Group By Operator
          aggregations: col_name_udaf(VALUE._col0)
          keys: KEY._col0 (type: string)
          mode: mergepartial
          outputColumnNames: _col0, _col1
          Statistics: Num rows: 14 Data size: 2805 Basic stats: COMPLETE Column stats: NONE
          Select Operator
            expressions: _col1 (type: string)
            outputColumnNames: _col0
            Statistics: Num rows: 14 Data size: 2805 Basic stats: COMPLETE Column stats: NONE
            File Output Operator
              compressed: false
              Statistics: Num rows: 14 Data size: 2805 Basic stats: COMPLETE Column stats: NONE
              table:
                  input format: org.apache.hadoop.mapred.TextInputFormat
                  output format: org.apache.hadoop.hive.ql.io.HiveIgnoreKeyTextOutputFormat
                  serde: org.apache.hadoop.hive.serde2.lazy.LazySimpleSerDe

  Stage: Stage-0
    Fetch Operator
      limit: -1
      Processor Tree:
        ListSink

PREHOOK: query: select col_name_udaf(key, key + value, cast(value as int), value + 1) from src TABLESAMPLE (10 ROWS) group by key
PREHOOK: type: QUERY
PREHOOK: Input: default@src
#### A masked pattern was here ####
POSTHOOK: query: select col_name_udaf(key, key + value, cast(value as int), value + 1) from src TABLESAMPLE (10 ROWS) group by key
POSTHOOK: type: QUERY
POSTHOOK: Input: default@src
#### A masked pattern was here ####
key, _c2, value, _c4
key, _c2, value, _c4
key, _c2, value, _c4
key, _c2, value, _c4
key, _c2, value, _c4
key, _c2, value, _c4
key, _c2, value, _c4
key, _c2, value, _c4
key, _c2, value, _c4
key, _c2, value, _c4
