PREHOOK: query: CREATE TABLE decimal_date_test STORED AS ORC AS SELECT cdouble, CAST (((cdouble*22.1)/37) AS DECIMAL(20,10)) AS cdecimal1, CAST (((cdouble*9.3)/13) AS DECIMAL(23,14)) AS cdecimal2, CAST(CAST((CAST(cint AS BIGINT) *ctinyint) AS TIMESTAMP) AS DATE) AS cdate FROM alltypesorc ORDER BY cdate
PREHOOK: type: CREATETABLE_AS_SELECT
PREHOOK: Input: default@alltypesorc
PREHOOK: Output: database:default
PREHOOK: Output: default@decimal_date_test
POSTHOOK: query: CREATE TABLE decimal_date_test STORED AS ORC AS SELECT cdouble, CAST (((cdouble*22.1)/37) AS DECIMAL(20,10)) AS cdecimal1, CAST (((cdouble*9.3)/13) AS DECIMAL(23,14)) AS cdecimal2, CAST(CAST((CAST(cint AS BIGINT) *ctinyint) AS TIMESTAMP) AS DATE) AS cdate FROM alltypesorc ORDER BY cdate
POSTHOOK: type: CREATETABLE_AS_SELECT
POSTHOOK: Input: default@alltypesorc
POSTHOOK: Output: database:default
POSTHOOK: Output: default@decimal_date_test
PREHOOK: query: EXPLAIN SELECT cdate FROM decimal_date_test WHERE cdate IN (CAST("1969-10-26" AS DATE), CAST("1969-07-14" AS DATE)) ORDER BY cdate
PREHOOK: type: QUERY
POSTHOOK: query: EXPLAIN SELECT cdate FROM decimal_date_test WHERE cdate IN (CAST("1969-10-26" AS DATE), CAST("1969-07-14" AS DATE)) ORDER BY cdate
POSTHOOK: type: QUERY
STAGE DEPENDENCIES:
  Stage-1 is a root stage
  Stage-0 depends on stages: Stage-1

STAGE PLANS:
  Stage: Stage-1
    Map Reduce
      Map Operator Tree:
          TableScan
            alias: decimal_date_test
            Statistics: Num rows: 12288 Data size: 2467616 Basic stats: COMPLETE Column stats: NONE
            Filter Operator
              predicate: (cdate) IN (1969-10-26, 1969-07-14) (type: boolean)
              Statistics: Num rows: 6144 Data size: 1233808 Basic stats: COMPLETE Column stats: NONE
              Select Operator
                expressions: cdate (type: date)
                outputColumnNames: _col0
                Statistics: Num rows: 6144 Data size: 1233808 Basic stats: COMPLETE Column stats: NONE
                Reduce Output Operator
                  key expressions: _col0 (type: date)
                  sort order: +
                  Statistics: Num rows: 6144 Data size: 1233808 Basic stats: COMPLETE Column stats: NONE
      Execution mode: vectorized
      Reduce Operator Tree:
        Select Operator
          expressions: KEY.reducesinkkey0 (type: date)
          outputColumnNames: _col0
          Statistics: Num rows: 6144 Data size: 1233808 Basic stats: COMPLETE Column stats: NONE
          File Output Operator
            compressed: false
            Statistics: Num rows: 6144 Data size: 1233808 Basic stats: COMPLETE Column stats: NONE
            table:
                input format: org.apache.hadoop.mapred.TextInputFormat
                output format: org.apache.hadoop.hive.ql.io.HiveIgnoreKeyTextOutputFormat
                serde: org.apache.hadoop.hive.serde2.lazy.LazySimpleSerDe

  Stage: Stage-0
    Fetch Operator
      limit: -1
      Processor Tree:
        ListSink

PREHOOK: query: EXPLAIN SELECT COUNT(*) FROM decimal_date_test WHERE cdate NOT IN (CAST("1969-10-26" AS DATE), CAST("1969-07-14" AS DATE), CAST("1970-01-21" AS DATE))
PREHOOK: type: QUERY
POSTHOOK: query: EXPLAIN SELECT COUNT(*) FROM decimal_date_test WHERE cdate NOT IN (CAST("1969-10-26" AS DATE), CAST("1969-07-14" AS DATE), CAST("1970-01-21" AS DATE))
POSTHOOK: type: QUERY
STAGE DEPENDENCIES:
  Stage-1 is a root stage
  Stage-0 depends on stages: Stage-1

STAGE PLANS:
  Stage: Stage-1
    Map Reduce
      Map Operator Tree:
          TableScan
            alias: decimal_date_test
            Statistics: Num rows: 12288 Data size: 2467616 Basic stats: COMPLETE Column stats: NONE
            Filter Operator
              predicate: (not (cdate) IN (1969-10-26, 1969-07-14, 1970-01-21)) (type: boolean)
              Statistics: Num rows: 6144 Data size: 1233808 Basic stats: COMPLETE Column stats: NONE
              Select Operator
                Statistics: Num rows: 6144 Data size: 1233808 Basic stats: COMPLETE Column stats: NONE
                Group By Operator
                  aggregations: count()
                  mode: hash
                  outputColumnNames: _col0
                  Statistics: Num rows: 1 Data size: 8 Basic stats: COMPLETE Column stats: NONE
                  Reduce Output Operator
                    sort order: 
                    Statistics: Num rows: 1 Data size: 8 Basic stats: COMPLETE Column stats: NONE
                    value expressions: _col0 (type: bigint)
      Execution mode: vectorized
      Reduce Operator Tree:
        Group By Operator
          aggregations: count(VALUE._col0)
          mode: mergepartial
          outputColumnNames: _col0
          Statistics: Num rows: 1 Data size: 8 Basic stats: COMPLETE Column stats: NONE
          File Output Operator
            compressed: false
            Statistics: Num rows: 1 Data size: 8 Basic stats: COMPLETE Column stats: NONE
            table:
                input format: org.apache.hadoop.mapred.TextInputFormat
                output format: org.apache.hadoop.hive.ql.io.HiveIgnoreKeyTextOutputFormat
                serde: org.apache.hadoop.hive.serde2.lazy.LazySimpleSerDe

  Stage: Stage-0
    Fetch Operator
      limit: -1
      Processor Tree:
        ListSink

PREHOOK: query: EXPLAIN SELECT cdecimal1 FROM decimal_date_test WHERE cdecimal1 IN (2365.8945945946, 881.0135135135, -3367.6517567568) ORDER BY cdecimal1
PREHOOK: type: QUERY
POSTHOOK: query: EXPLAIN SELECT cdecimal1 FROM decimal_date_test WHERE cdecimal1 IN (2365.8945945946, 881.0135135135, -3367.6517567568) ORDER BY cdecimal1
POSTHOOK: type: QUERY
STAGE DEPENDENCIES:
  Stage-1 is a root stage
  Stage-0 depends on stages: Stage-1

STAGE PLANS:
  Stage: Stage-1
    Map Reduce
      Map Operator Tree:
          TableScan
            alias: decimal_date_test
            Statistics: Num rows: 12288 Data size: 2467616 Basic stats: COMPLETE Column stats: NONE
            Filter Operator
              predicate: (cdecimal1) IN (2365.8945945946, 881.0135135135, -3367.6517567568) (type: boolean)
              Statistics: Num rows: 6144 Data size: 1233808 Basic stats: COMPLETE Column stats: NONE
              Select Operator
                expressions: cdecimal1 (type: decimal(20,10))
                outputColumnNames: _col0
                Statistics: Num rows: 6144 Data size: 1233808 Basic stats: COMPLETE Column stats: NONE
                Reduce Output Operator
                  key expressions: _col0 (type: decimal(20,10))
                  sort order: +
                  Statistics: Num rows: 6144 Data size: 1233808 Basic stats: COMPLETE Column stats: NONE
      Execution mode: vectorized
      Reduce Operator Tree:
        Select Operator
          expressions: KEY.reducesinkkey0 (type: decimal(20,10))
          outputColumnNames: _col0
          Statistics: Num rows: 6144 Data size: 1233808 Basic stats: COMPLETE Column stats: NONE
          File Output Operator
            compressed: false
            Statistics: Num rows: 6144 Data size: 1233808 Basic stats: COMPLETE Column stats: NONE
            table:
                input format: org.apache.hadoop.mapred.TextInputFormat
                output format: org.apache.hadoop.hive.ql.io.HiveIgnoreKeyTextOutputFormat
                serde: org.apache.hadoop.hive.serde2.lazy.LazySimpleSerDe

  Stage: Stage-0
    Fetch Operator
      limit: -1
      Processor Tree:
        ListSink

PREHOOK: query: EXPLAIN SELECT COUNT(*) FROM decimal_date_test WHERE cdecimal1 NOT IN (2365.8945945946, 881.0135135135, -3367.6517567568)
PREHOOK: type: QUERY
POSTHOOK: query: EXPLAIN SELECT COUNT(*) FROM decimal_date_test WHERE cdecimal1 NOT IN (2365.8945945946, 881.0135135135, -3367.6517567568)
POSTHOOK: type: QUERY
STAGE DEPENDENCIES:
  Stage-1 is a root stage
  Stage-0 depends on stages: Stage-1

STAGE PLANS:
  Stage: Stage-1
    Map Reduce
      Map Operator Tree:
          TableScan
            alias: decimal_date_test
            Statistics: Num rows: 12288 Data size: 2467616 Basic stats: COMPLETE Column stats: NONE
            Filter Operator
              predicate: (not (cdecimal1) IN (2365.8945945946, 881.0135135135, -3367.6517567568)) (type: boolean)
              Statistics: Num rows: 6144 Data size: 1233808 Basic stats: COMPLETE Column stats: NONE
              Select Operator
                Statistics: Num rows: 6144 Data size: 1233808 Basic stats: COMPLETE Column stats: NONE
                Group By Operator
                  aggregations: count()
                  mode: hash
                  outputColumnNames: _col0
                  Statistics: Num rows: 1 Data size: 8 Basic stats: COMPLETE Column stats: NONE
                  Reduce Output Operator
                    sort order: 
                    Statistics: Num rows: 1 Data size: 8 Basic stats: COMPLETE Column stats: NONE
                    value expressions: _col0 (type: bigint)
      Execution mode: vectorized
      Reduce Operator Tree:
        Group By Operator
          aggregations: count(VALUE._col0)
          mode: mergepartial
          outputColumnNames: _col0
          Statistics: Num rows: 1 Data size: 8 Basic stats: COMPLETE Column stats: NONE
          File Output Operator
            compressed: false
            Statistics: Num rows: 1 Data size: 8 Basic stats: COMPLETE Column stats: NONE
            table:
                input format: org.apache.hadoop.mapred.TextInputFormat
                output format: org.apache.hadoop.hive.ql.io.HiveIgnoreKeyTextOutputFormat
                serde: org.apache.hadoop.hive.serde2.lazy.LazySimpleSerDe

  Stage: Stage-0
    Fetch Operator
      limit: -1
      Processor Tree:
        ListSink

PREHOOK: query: EXPLAIN SELECT cdate FROM decimal_date_test WHERE cdate BETWEEN CAST("1969-12-30" AS DATE) AND CAST("1970-01-02" AS DATE) ORDER BY cdate
PREHOOK: type: QUERY
POSTHOOK: query: EXPLAIN SELECT cdate FROM decimal_date_test WHERE cdate BETWEEN CAST("1969-12-30" AS DATE) AND CAST("1970-01-02" AS DATE) ORDER BY cdate
POSTHOOK: type: QUERY
STAGE DEPENDENCIES:
  Stage-1 is a root stage
  Stage-0 depends on stages: Stage-1

STAGE PLANS:
  Stage: Stage-1
    Map Reduce
      Map Operator Tree:
          TableScan
            alias: decimal_date_test
            Statistics: Num rows: 12288 Data size: 2467616 Basic stats: COMPLETE Column stats: NONE
            Filter Operator
              predicate: cdate BETWEEN 1969-12-30 AND 1970-01-02 (type: boolean)
              Statistics: Num rows: 6144 Data size: 1233808 Basic stats: COMPLETE Column stats: NONE
              Select Operator
                expressions: cdate (type: date)
                outputColumnNames: _col0
                Statistics: Num rows: 6144 Data size: 1233808 Basic stats: COMPLETE Column stats: NONE
                Reduce Output Operator
                  key expressions: _col0 (type: date)
                  sort order: +
                  Statistics: Num rows: 6144 Data size: 1233808 Basic stats: COMPLETE Column stats: NONE
      Execution mode: vectorized
      Reduce Operator Tree:
        Select Operator
          expressions: KEY.reducesinkkey0 (type: date)
          outputColumnNames: _col0
          Statistics: Num rows: 6144 Data size: 1233808 Basic stats: COMPLETE Column stats: NONE
          File Output Operator
            compressed: false
            Statistics: Num rows: 6144 Data size: 1233808 Basic stats: COMPLETE Column stats: NONE
            table:
                input format: org.apache.hadoop.mapred.TextInputFormat
                output format: org.apache.hadoop.hive.ql.io.HiveIgnoreKeyTextOutputFormat
                serde: org.apache.hadoop.hive.serde2.lazy.LazySimpleSerDe

  Stage: Stage-0
    Fetch Operator
      limit: -1
      Processor Tree:
        ListSink

PREHOOK: query: EXPLAIN SELECT cdate FROM decimal_date_test WHERE cdate NOT BETWEEN CAST("1968-05-01" AS DATE) AND CAST("1971-09-01" AS DATE) ORDER BY cdate
PREHOOK: type: QUERY
POSTHOOK: query: EXPLAIN SELECT cdate FROM decimal_date_test WHERE cdate NOT BETWEEN CAST("1968-05-01" AS DATE) AND CAST("1971-09-01" AS DATE) ORDER BY cdate
POSTHOOK: type: QUERY
STAGE DEPENDENCIES:
  Stage-1 is a root stage
  Stage-0 depends on stages: Stage-1

STAGE PLANS:
  Stage: Stage-1
    Map Reduce
      Map Operator Tree:
          TableScan
            alias: decimal_date_test
            Statistics: Num rows: 12288 Data size: 2467616 Basic stats: COMPLETE Column stats: NONE
            Filter Operator
              predicate: (not cdate BETWEEN 1968-05-01 AND 1971-09-01) (type: boolean)
              Statistics: Num rows: 6144 Data size: 1233808 Basic stats: COMPLETE Column stats: NONE
              Select Operator
                expressions: cdate (type: date)
                outputColumnNames: _col0
                Statistics: Num rows: 6144 Data size: 1233808 Basic stats: COMPLETE Column stats: NONE
                Reduce Output Operator
                  key expressions: _col0 (type: date)
                  sort order: +
                  Statistics: Num rows: 6144 Data size: 1233808 Basic stats: COMPLETE Column stats: NONE
      Execution mode: vectorized
      Reduce Operator Tree:
        Select Operator
          expressions: KEY.reducesinkkey0 (type: date)
          outputColumnNames: _col0
          Statistics: Num rows: 6144 Data size: 1233808 Basic stats: COMPLETE Column stats: NONE
          File Output Operator
            compressed: false
            Statistics: Num rows: 6144 Data size: 1233808 Basic stats: COMPLETE Column stats: NONE
            table:
                input format: org.apache.hadoop.mapred.TextInputFormat
                output format: org.apache.hadoop.hive.ql.io.HiveIgnoreKeyTextOutputFormat
                serde: org.apache.hadoop.hive.serde2.lazy.LazySimpleSerDe

  Stage: Stage-0
    Fetch Operator
      limit: -1
      Processor Tree:
        ListSink

PREHOOK: query: EXPLAIN SELECT cdecimal1 FROM decimal_date_test WHERE cdecimal1 BETWEEN -20 AND 45.9918918919 ORDER BY cdecimal1
PREHOOK: type: QUERY
POSTHOOK: query: EXPLAIN SELECT cdecimal1 FROM decimal_date_test WHERE cdecimal1 BETWEEN -20 AND 45.9918918919 ORDER BY cdecimal1
POSTHOOK: type: QUERY
STAGE DEPENDENCIES:
  Stage-1 is a root stage
  Stage-0 depends on stages: Stage-1

STAGE PLANS:
  Stage: Stage-1
    Map Reduce
      Map Operator Tree:
          TableScan
            alias: decimal_date_test
            Statistics: Num rows: 12288 Data size: 2467616 Basic stats: COMPLETE Column stats: NONE
            Filter Operator
              predicate: cdecimal1 BETWEEN -20 AND 45.9918918919 (type: boolean)
              Statistics: Num rows: 6144 Data size: 1233808 Basic stats: COMPLETE Column stats: NONE
              Select Operator
                expressions: cdecimal1 (type: decimal(20,10))
                outputColumnNames: _col0
                Statistics: Num rows: 6144 Data size: 1233808 Basic stats: COMPLETE Column stats: NONE
                Reduce Output Operator
                  key expressions: _col0 (type: decimal(20,10))
                  sort order: +
                  Statistics: Num rows: 6144 Data size: 1233808 Basic stats: COMPLETE Column stats: NONE
      Execution mode: vectorized
      Reduce Operator Tree:
        Select Operator
          expressions: KEY.reducesinkkey0 (type: decimal(20,10))
          outputColumnNames: _col0
          Statistics: Num rows: 6144 Data size: 1233808 Basic stats: COMPLETE Column stats: NONE
          File Output Operator
            compressed: false
            Statistics: Num rows: 6144 Data size: 1233808 Basic stats: COMPLETE Column stats: NONE
            table:
                input format: org.apache.hadoop.mapred.TextInputFormat
                output format: org.apache.hadoop.hive.ql.io.HiveIgnoreKeyTextOutputFormat
                serde: org.apache.hadoop.hive.serde2.lazy.LazySimpleSerDe

  Stage: Stage-0
    Fetch Operator
      limit: -1
      Processor Tree:
        ListSink

PREHOOK: query: EXPLAIN SELECT COUNT(*) FROM decimal_date_test WHERE cdecimal1 NOT BETWEEN -2000 AND 4390.1351351351
PREHOOK: type: QUERY
POSTHOOK: query: EXPLAIN SELECT COUNT(*) FROM decimal_date_test WHERE cdecimal1 NOT BETWEEN -2000 AND 4390.1351351351
POSTHOOK: type: QUERY
STAGE DEPENDENCIES:
  Stage-1 is a root stage
  Stage-0 depends on stages: Stage-1

STAGE PLANS:
  Stage: Stage-1
    Map Reduce
      Map Operator Tree:
          TableScan
            alias: decimal_date_test
            Statistics: Num rows: 12288 Data size: 2467616 Basic stats: COMPLETE Column stats: NONE
            Filter Operator
              predicate: (not cdecimal1 BETWEEN -2000 AND 4390.1351351351) (type: boolean)
              Statistics: Num rows: 6144 Data size: 1233808 Basic stats: COMPLETE Column stats: NONE
              Select Operator
                Statistics: Num rows: 6144 Data size: 1233808 Basic stats: COMPLETE Column stats: NONE
                Group By Operator
                  aggregations: count()
                  mode: hash
                  outputColumnNames: _col0
                  Statistics: Num rows: 1 Data size: 8 Basic stats: COMPLETE Column stats: NONE
                  Reduce Output Operator
                    sort order: 
                    Statistics: Num rows: 1 Data size: 8 Basic stats: COMPLETE Column stats: NONE
                    value expressions: _col0 (type: bigint)
      Execution mode: vectorized
      Reduce Operator Tree:
        Group By Operator
          aggregations: count(VALUE._col0)
          mode: mergepartial
          outputColumnNames: _col0
          Statistics: Num rows: 1 Data size: 8 Basic stats: COMPLETE Column stats: NONE
          File Output Operator
            compressed: false
            Statistics: Num rows: 1 Data size: 8 Basic stats: COMPLETE Column stats: NONE
            table:
                input format: org.apache.hadoop.mapred.TextInputFormat
                output format: org.apache.hadoop.hive.ql.io.HiveIgnoreKeyTextOutputFormat
                serde: org.apache.hadoop.hive.serde2.lazy.LazySimpleSerDe

  Stage: Stage-0
    Fetch Operator
      limit: -1
      Processor Tree:
        ListSink

PREHOOK: query: SELECT cdate FROM decimal_date_test WHERE cdate IN (CAST("1969-10-26" AS DATE), CAST("1969-07-14" AS DATE)) ORDER BY cdate
PREHOOK: type: QUERY
PREHOOK: Input: default@decimal_date_test
#### A masked pattern was here ####
POSTHOOK: query: SELECT cdate FROM decimal_date_test WHERE cdate IN (CAST("1969-10-26" AS DATE), CAST("1969-07-14" AS DATE)) ORDER BY cdate
POSTHOOK: type: QUERY
POSTHOOK: Input: default@decimal_date_test
#### A masked pattern was here ####
1969-07-14
1969-07-14
1969-07-14
1969-07-14
1969-07-14
1969-07-14
1969-07-14
1969-07-14
1969-07-14
1969-07-14
1969-07-14
1969-10-26
1969-10-26
1969-10-26
1969-10-26
1969-10-26
1969-10-26
1969-10-26
1969-10-26
1969-10-26
1969-10-26
1969-10-26
1969-10-26
1969-10-26
1969-10-26
1969-10-26
1969-10-26
1969-10-26
1969-10-26
1969-10-26
1969-10-26
1969-10-26
1969-10-26
1969-10-26
1969-10-26
1969-10-26
1969-10-26
1969-10-26
1969-10-26
1969-10-26
1969-10-26
1969-10-26
1969-10-26
1969-10-26
1969-10-26
1969-10-26
1969-10-26
PREHOOK: query: SELECT COUNT(*) FROM decimal_date_test WHERE cdate NOT IN (CAST("1969-10-26" AS DATE), CAST("1969-07-14" AS DATE), CAST("1970-01-21" AS DATE))
PREHOOK: type: QUERY
PREHOOK: Input: default@decimal_date_test
#### A masked pattern was here ####
POSTHOOK: query: SELECT COUNT(*) FROM decimal_date_test WHERE cdate NOT IN (CAST("1969-10-26" AS DATE), CAST("1969-07-14" AS DATE), CAST("1970-01-21" AS DATE))
POSTHOOK: type: QUERY
POSTHOOK: Input: default@decimal_date_test
#### A masked pattern was here ####
5996
PREHOOK: query: SELECT cdecimal1 FROM decimal_date_test WHERE cdecimal1 IN (2365.8945945946, 881.0135135135, -3367.6517567568) ORDER BY cdecimal1
PREHOOK: type: QUERY
PREHOOK: Input: default@decimal_date_test
#### A masked pattern was here ####
POSTHOOK: query: SELECT cdecimal1 FROM decimal_date_test WHERE cdecimal1 IN (2365.8945945946, 881.0135135135, -3367.6517567568) ORDER BY cdecimal1
POSTHOOK: type: QUERY
POSTHOOK: Input: default@decimal_date_test
#### A masked pattern was here ####
-3367.6517567568
-3367.6517567568
-3367.6517567568
-3367.6517567568
-3367.6517567568
-3367.6517567568
-3367.6517567568
881.0135135135
2365.8945945946
PREHOOK: query: SELECT COUNT(*) FROM decimal_date_test WHERE cdecimal1 NOT IN (2365.8945945946, 881.0135135135, -3367.6517567568)
PREHOOK: type: QUERY
PREHOOK: Input: default@decimal_date_test
#### A masked pattern was here ####
POSTHOOK: query: SELECT COUNT(*) FROM decimal_date_test WHERE cdecimal1 NOT IN (2365.8945945946, 881.0135135135, -3367.6517567568)
POSTHOOK: type: QUERY
POSTHOOK: Input: default@decimal_date_test
#### A masked pattern was here ####
9165
PREHOOK: query: SELECT cdate FROM decimal_date_test WHERE cdate BETWEEN CAST("1969-12-30" AS DATE) AND CAST("1970-01-02" AS DATE) ORDER BY cdate
PREHOOK: type: QUERY
PREHOOK: Input: default@decimal_date_test
#### A masked pattern was here ####
POSTHOOK: query: SELECT cdate FROM decimal_date_test WHERE cdate BETWEEN CAST("1969-12-30" AS DATE) AND CAST("1970-01-02" AS DATE) ORDER BY cdate
POSTHOOK: type: QUERY
POSTHOOK: Input: default@decimal_date_test
#### A masked pattern was here ####
1969-12-30
1969-12-30
1969-12-30
1969-12-30
1969-12-30
1969-12-30
1969-12-30
1969-12-30
1969-12-31
1969-12-31
1969-12-31
1969-12-31
1969-12-31
1969-12-31
1969-12-31
1969-12-31
1969-12-31
1970-01-01
1970-01-01
1970-01-01
1970-01-01
1970-01-01
1970-01-01
1970-01-01
1970-01-01
1970-01-01
1970-01-01
1970-01-01
1970-01-01
1970-01-01
1970-01-01
1970-01-01
1970-01-01
1970-01-01
1970-01-01
1970-01-01
1970-01-01
1970-01-01
1970-01-01
1970-01-01
1970-01-01
1970-01-01
1970-01-01
1970-01-01
1970-01-01
1970-01-01
1970-01-01
1970-01-01
1970-01-01
1970-01-01
1970-01-01
1970-01-01
1970-01-01
1970-01-01
1970-01-01
1970-01-01
1970-01-01
1970-01-01
1970-01-01
1970-01-01
1970-01-01
1970-01-01
1970-01-01
1970-01-01
1970-01-01
1970-01-01
1970-01-01
1970-01-01
1970-01-01
1970-01-01
1970-01-01
1970-01-01
1970-01-01
1970-01-01
1970-01-01
1970-01-02
1970-01-02
1970-01-02
1970-01-02
1970-01-02
1970-01-02
1970-01-02
1970-01-02
1970-01-02
1970-01-02
1970-01-02
1970-01-02
1970-01-02
1970-01-02
1970-01-02
1970-01-02
1970-01-02
PREHOOK: query: SELECT cdate FROM decimal_date_test WHERE cdate NOT BETWEEN CAST("1968-05-01" AS DATE) AND CAST("1971-09-01" AS DATE) ORDER BY cdate
PREHOOK: type: QUERY
PREHOOK: Input: default@decimal_date_test
#### A masked pattern was here ####
POSTHOOK: query: SELECT cdate FROM decimal_date_test WHERE cdate NOT BETWEEN CAST("1968-05-01" AS DATE) AND CAST("1971-09-01" AS DATE) ORDER BY cdate
POSTHOOK: type: QUERY
POSTHOOK: Input: default@decimal_date_test
#### A masked pattern was here ####
1968-04-07
1968-04-09
1968-04-10
1968-04-14
1968-04-16
1968-04-16
1968-04-19
1968-04-23
1968-04-25
1968-04-26
1968-04-27
1968-04-27
1968-04-27
1968-04-29
1968-04-29
1968-04-29
1968-04-29
1968-04-30
1971-09-02
1971-09-04
1971-09-06
1971-09-06
1971-09-06
1971-09-09
1971-09-09
1971-09-15
1971-09-17
1971-09-18
1971-09-21
1971-09-21
1971-09-21
1971-09-22
1971-09-22
1971-09-25
PREHOOK: query: SELECT cdecimal1 FROM decimal_date_test WHERE cdecimal1 BETWEEN -20 AND 45.9918918919 ORDER BY cdecimal1
PREHOOK: type: QUERY
PREHOOK: Input: default@decimal_date_test
#### A masked pattern was here ####
POSTHOOK: query: SELECT cdecimal1 FROM decimal_date_test WHERE cdecimal1 BETWEEN -20 AND 45.9918918919 ORDER BY cdecimal1
POSTHOOK: type: QUERY
POSTHOOK: Input: default@decimal_date_test
#### A masked pattern was here ####
-18.5162162162
-17.3216216216
-16.7243243243
-16.127027027
-15.5297297297
-10.7513513514
-9.5567567568
-8.3621621622
-5.972972973
-3.5837837838
4.1810810811
4.7783783784
4.7783783784
5.3756756757
5.972972973
5.972972973
11.3486486486
11.3486486486
11.9459459459
14.9324324324
19.1135135135
20.3081081081
22.1
24.4891891892
33.4486486486
34.6432432432
40.0189189189
42.4081081081
43.0054054054
44.2
44.2
44.7972972973
45.9918918919
PREHOOK: query: SELECT COUNT(*) FROM decimal_date_test WHERE cdecimal1 NOT BETWEEN -2000 AND 4390.1351351351
PREHOOK: type: QUERY
PREHOOK: Input: default@decimal_date_test
#### A masked pattern was here ####
POSTHOOK: query: SELECT COUNT(*) FROM decimal_date_test WHERE cdecimal1 NOT BETWEEN -2000 AND 4390.1351351351
POSTHOOK: type: QUERY
POSTHOOK: Input: default@decimal_date_test
#### A masked pattern was here ####
6172
PREHOOK: query: ----

EXPLAIN
SELECT cdate,
       cdate BETWEEN CAST("1969-01-01" AS DATE) AND CAST("1969-03-31" AS DATE),
       cdate NOT BETWEEN CAST("1969-01-01" AS DATE) AND CAST("1969-03-31" AS DATE)
FROM (select distinct cdate from decimal_date_test WHERE cdate BETWEEN CAST("1969-01-01" AS DATE) AND CAST("1969-06-30" AS DATE)) X
PREHOOK: type: QUERY
POSTHOOK: query: ----

EXPLAIN
SELECT cdate,
       cdate BETWEEN CAST("1969-01-01" AS DATE) AND CAST("1969-03-31" AS DATE),
       cdate NOT BETWEEN CAST("1969-01-01" AS DATE) AND CAST("1969-03-31" AS DATE)
FROM (select distinct cdate from decimal_date_test WHERE cdate BETWEEN CAST("1969-01-01" AS DATE) AND CAST("1969-06-30" AS DATE)) X
POSTHOOK: type: QUERY
STAGE DEPENDENCIES:
  Stage-1 is a root stage
  Stage-0 depends on stages: Stage-1

STAGE PLANS:
  Stage: Stage-1
    Map Reduce
      Map Operator Tree:
          TableScan
            alias: decimal_date_test
            Statistics: Num rows: 12288 Data size: 2467616 Basic stats: COMPLETE Column stats: NONE
            Filter Operator
              predicate: cdate BETWEEN 1969-01-01 AND 1969-06-30 (type: boolean)
              Statistics: Num rows: 6144 Data size: 1233808 Basic stats: COMPLETE Column stats: NONE
              Select Operator
                expressions: cdate (type: date)
                outputColumnNames: _col0
                Statistics: Num rows: 6144 Data size: 1233808 Basic stats: COMPLETE Column stats: NONE
                Group By Operator
                  keys: _col0 (type: date)
                  mode: hash
                  outputColumnNames: _col0
                  Statistics: Num rows: 6144 Data size: 1233808 Basic stats: COMPLETE Column stats: NONE
                  Reduce Output Operator
                    key expressions: _col0 (type: date)
                    sort order: +
                    Map-reduce partition columns: _col0 (type: date)
                    Statistics: Num rows: 6144 Data size: 1233808 Basic stats: COMPLETE Column stats: NONE
      Execution mode: vectorized
      Reduce Operator Tree:
        Group By Operator
          keys: KEY._col0 (type: date)
          mode: mergepartial
          outputColumnNames: _col0
          Statistics: Num rows: 3072 Data size: 616904 Basic stats: COMPLETE Column stats: NONE
          Select Operator
            expressions: _col0 (type: date), _col0 BETWEEN 1969-01-01 AND 1969-03-31 (type: boolean), (not _col0 BETWEEN 1969-01-01 AND 1969-03-31) (type: boolean)
            outputColumnNames: _col0, _col1, _col2
            Statistics: Num rows: 3072 Data size: 616904 Basic stats: COMPLETE Column stats: NONE
            File Output Operator
              compressed: false
              Statistics: Num rows: 3072 Data size: 616904 Basic stats: COMPLETE Column stats: NONE
              table:
                  input format: org.apache.hadoop.mapred.TextInputFormat
                  output format: org.apache.hadoop.hive.ql.io.HiveIgnoreKeyTextOutputFormat
                  serde: org.apache.hadoop.hive.serde2.lazy.LazySimpleSerDe

  Stage: Stage-0
    Fetch Operator
      limit: -1
      Processor Tree:
        ListSink

PREHOOK: query: SELECT cdate,
       cdate BETWEEN CAST("1969-01-01" AS DATE) AND CAST("1969-03-31" AS DATE),
       cdate NOT BETWEEN CAST("1969-01-01" AS DATE) AND CAST("1969-03-31" AS DATE)
FROM (select distinct cdate from decimal_date_test WHERE cdate BETWEEN CAST("1969-01-01" AS DATE) AND CAST("1969-06-30" AS DATE)) X
PREHOOK: type: QUERY
PREHOOK: Input: default@decimal_date_test
#### A masked pattern was here ####
POSTHOOK: query: SELECT cdate,
       cdate BETWEEN CAST("1969-01-01" AS DATE) AND CAST("1969-03-31" AS DATE),
       cdate NOT BETWEEN CAST("1969-01-01" AS DATE) AND CAST("1969-03-31" AS DATE)
FROM (select distinct cdate from decimal_date_test WHERE cdate BETWEEN CAST("1969-01-01" AS DATE) AND CAST("1969-06-30" AS DATE)) X
POSTHOOK: type: QUERY
POSTHOOK: Input: default@decimal_date_test
#### A masked pattern was here ####
1969-01-01	true	false
1969-01-02	true	false
1969-01-03	true	false
1969-01-05	true	false
1969-01-07	true	false
1969-01-11	true	false
1969-01-13	true	false
1969-01-14	true	false
1969-01-16	true	false
1969-01-17	true	false
1969-01-18	true	false
1969-01-19	true	false
1969-01-24	true	false
1969-01-25	true	false
1969-01-26	true	false
1969-01-27	true	false
1969-01-30	true	false
1969-01-31	true	false
1969-02-01	true	false
1969-02-02	true	false
1969-02-05	true	false
1969-02-06	true	false
1969-02-07	true	false
1969-02-08	true	false
1969-02-09	true	false
1969-02-10	true	false
1969-02-11	true	false
1969-02-12	true	false
1969-02-13	true	false
1969-02-14	true	false
1969-02-15	true	false
1969-02-16	true	false
1969-02-17	true	false
1969-02-18	true	false
1969-02-20	true	false
1969-02-22	true	false
1969-02-23	true	false
1969-02-26	true	false
1969-02-27	true	false
1969-02-28	true	false
1969-03-01	true	false
1969-03-02	true	false
1969-03-03	true	false
1969-03-04	true	false
1969-03-06	true	false
1969-03-07	true	false
1969-03-09	true	false
1969-03-10	true	false
1969-03-12	true	false
1969-03-13	true	false
1969-03-14	true	false
1969-03-16	true	false
1969-03-17	true	false
1969-03-18	true	false
1969-03-20	true	false
1969-03-21	true	false
1969-03-22	true	false
1969-03-23	true	false
1969-03-24	true	false
1969-03-25	true	false
1969-03-26	true	false
1969-03-27	true	false
1969-03-28	true	false
1969-03-29	true	false
1969-03-31	true	false
1969-04-01	false	true
1969-04-05	false	true
1969-04-07	false	true
1969-04-08	false	true
1969-04-09	false	true
1969-04-10	false	true
1969-04-12	false	true
1969-04-13	false	true
1969-04-15	false	true
1969-04-16	false	true
1969-04-17	false	true
1969-04-19	false	true
1969-04-20	false	true
1969-04-22	false	true
1969-04-23	false	true
1969-04-25	false	true
1969-04-26	false	true
1969-04-28	false	true
1969-04-30	false	true
1969-05-02	false	true
1969-05-05	false	true
1969-05-06	false	true
1969-05-07	false	true
1969-05-08	false	true
1969-05-10	false	true
1969-05-14	false	true
1969-05-16	false	true
1969-05-17	false	true
1969-05-20	false	true
1969-05-21	false	true
1969-05-22	false	true
1969-05-24	false	true
1969-05-25	false	true
1969-05-26	false	true
1969-05-27	false	true
1969-05-28	false	true
1969-05-29	false	true
1969-05-30	false	true
1969-06-01	false	true
1969-06-03	false	true
1969-06-05	false	true
1969-06-06	false	true
1969-06-07	false	true
1969-06-08	false	true
1969-06-09	false	true
1969-06-11	false	true
1969-06-12	false	true
1969-06-13	false	true
1969-06-15	false	true
1969-06-16	false	true
1969-06-17	false	true
1969-06-19	false	true
1969-06-20	false	true
1969-06-22	false	true
1969-06-24	false	true
1969-06-25	false	true
1969-06-26	false	true
1969-06-27	false	true
1969-06-29	false	true
1969-06-30	false	true
